/home/vinay/Documents/Netflow/.venv/lib/python3.12/site-packages/beartype/_util/hint/pep/utilpeptest.py:311: BeartypeDecorHintPep585DeprecationWarning: PEP 484 type hint typing.Iterable[pathway.internals.expression.ColumnReference] deprecated by PEP 585. This hint is scheduled for removal in the first Python version released after October 5th, 2025. To resolve this, import this hint from "beartype.typing" rather than "typing". For further commentary and alternatives, see also:
    https://beartype.readthedocs.io/en/latest/api_roar/#pep-585-deprecations
  warn(
/home/vinay/Documents/Netflow/.venv/lib/python3.12/site-packages/beartype/_util/hint/pep/utilpeptest.py:311: BeartypeDecorHintPep585DeprecationWarning: PEP 484 type hint typing.Sequence[str] deprecated by PEP 585. This hint is scheduled for removal in the first Python version released after October 5th, 2025. To resolve this, import this hint from "beartype.typing" rather than "typing". For further commentary and alternatives, see also:
    https://beartype.readthedocs.io/en/latest/api_roar/#pep-585-deprecations
  warn(
[2026-02-22T16:22:36]:INFO:Preparing Pathway computation
[2026-02-22T16:22:36]:INFO:Enter read_snapshot method with reader PosixLike
[2026-02-22T16:22:36]:INFO:Enter read_snapshot method with reader Python
[2026-02-22T16:22:36]:INFO:FileSystem(live_data/stream.jsonl): 0 entries (1 minibatch(es)) have been sent to the engine
[2026-02-22T16:22:36]:INFO:PythonReader: 0 entries (1 minibatch(es)) have been sent to the engine
[2026-02-22T16:22:36]:INFO:FileSystem(logs/all_packets.csv): Done writing 0 entries, time 1771757556624. Current batch writes took: 0 ms. All writes so far took: 0 ms.
[2026-02-22T16:22:36]:INFO:subscribe-1: Done writing 0 entries, time 1771757556624. Current batch writes took: 0 ms. All writes so far took: 0 ms.
[2026-02-22T16:22:36]:INFO:subscribe-2: Done writing 0 entries, time 1771757556624. Current batch writes took: 0 ms. All writes so far took: 0 ms.
[2026-02-22T16:22:36]:INFO:subscribe-2: Done writing 0 entries, time 1771757556624. Current batch writes took: 0 ms. All writes so far took: 0 ms.
[2026-02-22T16:22:36]:INFO:FileSystem(logs/debug_graph_edges.csv): Done writing 0 entries, time 1771757556624. Current batch writes took: 0 ms. All writes so far took: 0 ms.
[2026-02-22T16:22:36]:INFO:subscribe-4: Done writing 0 entries, time 1771757556624. Current batch writes took: 0 ms. All writes so far took: 0 ms.
[2026-02-22T16:22:36]:INFO:FileSystem(docs/anomalies.csv): Done writing 0 entries, time 1771757556624. Current batch writes took: 0 ms. All writes so far took: 0 ms.
[2026-02-22T16:22:36]:INFO:FileSystem(docs/rag_context.csv): Done writing 0 entries, time 1771757556624. Current batch writes took: 0 ms. All writes so far took: 0 ms.
[2026-02-22T16:22:42]:INFO:FileSystem(live_data/stream.jsonl): 45 entries (7 minibatch(es)) have been sent to the engine
[2026-02-22T16:22:42]:INFO:FileSystem(logs/all_packets.csv): Done writing 9 entries, time 1771757562626. Current batch writes took: 0 ms. All writes so far took: 0 ms.
[2026-02-22T16:22:42]:INFO:subscribe-1: Done writing 8 entries, time 1771757562626. Current batch writes took: 0 ms. All writes so far took: 0 ms.
[2026-02-22T16:22:42]:INFO:subscribe-2: Done writing 32 entries, time 1771757562626. Current batch writes took: 0 ms. All writes so far took: 0 ms.
[2026-02-22T16:22:42]:INFO:FileSystem(logs/debug_graph_edges.csv): Done writing 32 entries, time 1771757562626. Current batch writes took: 0 ms. All writes so far took: 0 ms.
[2026-02-22T16:22:42]:INFO:subscribe-2: Done writing 34 entries, time 1771757562626. Current batch writes took: 0 ms. All writes so far took: 0 ms.
[2026-02-22T16:22:42]:INFO:FileSystem(docs/anomalies.csv): Done writing 8 entries, time 1771757562626. Current batch writes took: 0 ms. All writes so far took: 0 ms.
[2026-02-22T16:22:42]:INFO:FileSystem(docs/rag_context.csv): Done writing 8 entries, time 1771757562626. Current batch writes took: 0 ms. All writes so far took: 0 ms.
[2026-02-22T16:22:47]:INFO:FileSystem(live_data/stream.jsonl): 69 entries (5 minibatch(es)) have been sent to the engine
[2026-02-22T16:22:47]:INFO:FileSystem(logs/all_packets.csv): Done writing 13 entries, time 1771757567632. Current batch writes took: 0 ms. All writes so far took: 0 ms.
[2026-02-22T16:22:47]:INFO:subscribe-2: Done writing 16 entries, time 1771757567632. Current batch writes took: 0 ms. All writes so far took: 0 ms.
[2026-02-22T16:22:47]:INFO:subscribe-2: Done writing 18 entries, time 1771757567632. Current batch writes took: 0 ms. All writes so far took: 0 ms.
[2026-02-22T16:22:47]:INFO:FileSystem(logs/debug_graph_edges.csv): Done writing 18 entries, time 1771757567632. Current batch writes took: 0 ms. All writes so far took: 0 ms.
[2026-02-22T16:22:47]:INFO:subscribe-1: Done writing 2 entries, time 1771757567632. Current batch writes took: 0 ms. All writes so far took: 0 ms.
[2026-02-22T16:22:47]:INFO:FileSystem(docs/anomalies.csv): Done writing 2 entries, time 1771757567632. Current batch writes took: 0 ms. All writes so far took: 0 ms.
[2026-02-22T16:22:47]:INFO:FileSystem(docs/rag_context.csv): Done writing 2 entries, time 1771757567632. Current batch writes took: 0 ms. All writes so far took: 0 ms.
[2026-02-22T16:22:53]:INFO:FileSystem(live_data/stream.jsonl): 50 entries (5 minibatch(es)) have been sent to the engine
[2026-02-22T16:22:53]:INFO:FileSystem(logs/all_packets.csv): Done writing 6 entries, time 1771757573126. Current batch writes took: 0 ms. All writes so far took: 0 ms.
[2026-02-22T16:22:53]:INFO:subscribe-1: Done writing 4 entries, time 1771757573126. Current batch writes took: 0 ms. All writes so far took: 0 ms.
[2026-02-22T16:22:53]:INFO:subscribe-2: Done writing 11 entries, time 1771757573126. Current batch writes took: 0 ms. All writes so far took: 0 ms.
[2026-02-22T16:22:53]:INFO:subscribe-2: Done writing 12 entries, time 1771757573126. Current batch writes took: 0 ms. All writes so far took: 0 ms.
[2026-02-22T16:22:53]:INFO:FileSystem(logs/debug_graph_edges.csv): Done writing 11 entries, time 1771757573126. Current batch writes took: 0 ms. All writes so far took: 0 ms.
[2026-02-22T16:22:53]:INFO:FileSystem(docs/anomalies.csv): Done writing 4 entries, time 1771757573126. Current batch writes took: 0 ms. All writes so far took: 0 ms.
[2026-02-22T16:22:53]:INFO:FileSystem(docs/rag_context.csv): Done writing 4 entries, time 1771757573126. Current batch writes took: 0 ms. All writes so far took: 0 ms.
[2026-02-22T16:22:59]:INFO:FileSystem(live_data/stream.jsonl): 245 entries (8 minibatch(es)) have been sent to the engine
[2026-02-22T16:22:59]:INFO:FileSystem(logs/all_packets.csv): Done writing 7 entries, time 1771757579126. Current batch writes took: 0 ms. All writes so far took: 0 ms.
[2026-02-22T16:22:59]:INFO:subscribe-1: Done writing 12 entries, time 1771757579126. Current batch writes took: 0 ms. All writes so far took: 0 ms.
[2026-02-22T16:22:59]:INFO:subscribe-2: Done writing 44 entries, time 1771757579126. Current batch writes took: 0 ms. All writes so far took: 0 ms.
[2026-02-22T16:22:59]:INFO:FileSystem(logs/debug_graph_edges.csv): Done writing 44 entries, time 1771757579126. Current batch writes took: 0 ms. All writes so far took: 0 ms.
[2026-02-22T16:22:59]:INFO:subscribe-2: Done writing 38 entries, time 1771757579126. Current batch writes took: 0 ms. All writes so far took: 0 ms.
[2026-02-22T16:22:59]:INFO:FileSystem(docs/anomalies.csv): Done writing 12 entries, time 1771757579126. Current batch writes took: 0 ms. All writes so far took: 0 ms.
[2026-02-22T16:22:59]:INFO:FileSystem(docs/rag_context.csv): Done writing 12 entries, time 1771757579126. Current batch writes took: 0 ms. All writes so far took: 0 ms.
[2026-02-22T16:23:05]:INFO:FileSystem(live_data/stream.jsonl): 146 entries (6 minibatch(es)) have been sent to the engine
[2026-02-22T16:23:05]:INFO:FileSystem(logs/all_packets.csv): Done writing 4 entries, time 1771757585126. Current batch writes took: 0 ms. All writes so far took: 0 ms.
[2026-02-22T16:23:05]:INFO:subscribe-1: Done writing 3 entries, time 1771757585126. Current batch writes took: 0 ms. All writes so far took: 0 ms.
[2026-02-22T16:23:05]:INFO:subscribe-2: Done writing 17 entries, time 1771757585126. Current batch writes took: 0 ms. All writes so far took: 0 ms.
[2026-02-22T16:23:05]:INFO:FileSystem(logs/debug_graph_edges.csv): Done writing 17 entries, time 1771757585126. Current batch writes took: 0 ms. All writes so far took: 0 ms.
[2026-02-22T16:23:05]:INFO:subscribe-2: Done writing 15 entries, time 1771757585126. Current batch writes took: 0 ms. All writes so far took: 0 ms.
[2026-02-22T16:23:05]:INFO:FileSystem(docs/anomalies.csv): Done writing 3 entries, time 1771757585126. Current batch writes took: 0 ms. All writes so far took: 0 ms.
[2026-02-22T16:23:05]:INFO:FileSystem(docs/rag_context.csv): Done writing 3 entries, time 1771757585126. Current batch writes took: 0 ms. All writes so far took: 0 ms.
[2026-02-22T16:23:11]:INFO:FileSystem(live_data/stream.jsonl): 0 entries (4 minibatch(es)) have been sent to the engine
[2026-02-22T16:23:11]:INFO:FileSystem(logs/all_packets.csv): Done writing 0 entries, time 1771757591126. Current batch writes took: 0 ms. All writes so far took: 0 ms.
[2026-02-22T16:23:11]:INFO:subscribe-1: Done writing 0 entries, time 1771757591126. Current batch writes took: 0 ms. All writes so far took: 0 ms.
[2026-02-22T16:23:11]:INFO:subscribe-2: Done writing 0 entries, time 1771757591126. Current batch writes took: 0 ms. All writes so far took: 0 ms.
[2026-02-22T16:23:11]:INFO:FileSystem(logs/debug_graph_edges.csv): Done writing 0 entries, time 1771757591126. Current batch writes took: 0 ms. All writes so far took: 0 ms.
[2026-02-22T16:23:11]:INFO:subscribe-2: Done writing 0 entries, time 1771757591126. Current batch writes took: 0 ms. All writes so far took: 0 ms.
[2026-02-22T16:23:11]:INFO:FileSystem(docs/anomalies.csv): Done writing 0 entries, time 1771757591126. Current batch writes took: 0 ms. All writes so far took: 0 ms.
[2026-02-22T16:23:11]:INFO:FileSystem(docs/rag_context.csv): Done writing 0 entries, time 1771757591126. Current batch writes took: 0 ms. All writes so far took: 0 ms.
[2026-02-22T16:23:17]:INFO:FileSystem(live_data/stream.jsonl): 79 entries (5 minibatch(es)) have been sent to the engine
[2026-02-22T16:23:17]:INFO:FileSystem(logs/all_packets.csv): Done writing 1 entries, time 1771757597126. Current batch writes took: 0 ms. All writes so far took: 0 ms.
[2026-02-22T16:23:17]:INFO:subscribe-1: Done writing 1 entries, time 1771757597126. Current batch writes took: 0 ms. All writes so far took: 0 ms.
[2026-02-22T16:23:17]:INFO:subscribe-2: Done writing 5 entries, time 1771757597126. Current batch writes took: 0 ms. All writes so far took: 0 ms.
[2026-02-22T16:23:17]:INFO:subscribe-2: Done writing 5 entries, time 1771757597126. Current batch writes took: 0 ms. All writes so far took: 0 ms.
[2026-02-22T16:23:17]:INFO:FileSystem(logs/debug_graph_edges.csv): Done writing 5 entries, time 1771757597126. Current batch writes took: 0 ms. All writes so far took: 0 ms.
[2026-02-22T16:23:17]:INFO:FileSystem(docs/anomalies.csv): Done writing 1 entries, time 1771757597126. Current batch writes took: 0 ms. All writes so far took: 0 ms.
[2026-02-22T16:23:17]:INFO:FileSystem(docs/rag_context.csv): Done writing 1 entries, time 1771757597126. Current batch writes took: 0 ms. All writes so far took: 0 ms.
[2026-02-22T16:23:23]:INFO:FileSystem(live_data/stream.jsonl): 83 entries (5 minibatch(es)) have been sent to the engine
[2026-02-22T16:23:23]:INFO:FileSystem(logs/all_packets.csv): Done writing 3 entries, time 1771757603126. Current batch writes took: 0 ms. All writes so far took: 0 ms.
[2026-02-22T16:23:23]:INFO:subscribe-1: Done writing 1 entries, time 1771757603126. Current batch writes took: 0 ms. All writes so far took: 0 ms.
[2026-02-22T16:23:23]:INFO:subscribe-2: Done writing 7 entries, time 1771757603126. Current batch writes took: 0 ms. All writes so far took: 0 ms.
[2026-02-22T16:23:23]:INFO:FileSystem(logs/debug_graph_edges.csv): Done writing 7 entries, time 1771757603126. Current batch writes took: 0 ms. All writes so far took: 0 ms.
[2026-02-22T16:23:23]:INFO:subscribe-2: Done writing 0 entries, time 1771757603126. Current batch writes took: 0 ms. All writes so far took: 0 ms.
[2026-02-22T16:23:23]:INFO:FileSystem(docs/anomalies.csv): Done writing 1 entries, time 1771757603126. Current batch writes took: 0 ms. All writes so far took: 0 ms.
[2026-02-22T16:23:23]:INFO:FileSystem(docs/rag_context.csv): Done writing 1 entries, time 1771757603126. Current batch writes took: 0 ms. All writes so far took: 0 ms.
[2026-02-22T16:23:28]:INFO:FileSystem(live_data/stream.jsonl): 371 entries (7 minibatch(es)) have been sent to the engine
[2026-02-22T16:23:28]:INFO:FileSystem(logs/all_packets.csv): Done writing 7 entries, time 1771757608658. Current batch writes took: 0 ms. All writes so far took: 0 ms.
[2026-02-22T16:23:28]:INFO:subscribe-2: Done writing 40 entries, time 1771757608658. Current batch writes took: 0 ms. All writes so far took: 0 ms.
[2026-02-22T16:23:28]:INFO:subscribe-2: Done writing 41 entries, time 1771757608658. Current batch writes took: 0 ms. All writes so far took: 0 ms.
[2026-02-22T16:23:28]:INFO:FileSystem(logs/debug_graph_edges.csv): Done writing 41 entries, time 1771757608658. Current batch writes took: 0 ms. All writes so far took: 0 ms.
[2026-02-22T16:23:28]:INFO:subscribe-1: Done writing 9 entries, time 1771757608658. Current batch writes took: 0 ms. All writes so far took: 0 ms.
[2026-02-22T16:23:28]:INFO:FileSystem(docs/anomalies.csv): Done writing 9 entries, time 1771757608658. Current batch writes took: 0 ms. All writes so far took: 0 ms.
[2026-02-22T16:23:28]:INFO:FileSystem(docs/rag_context.csv): Done writing 9 entries, time 1771757608658. Current batch writes took: 0 ms. All writes so far took: 0 ms.
[2026-02-22T16:23:34]:INFO:FileSystem(live_data/stream.jsonl): 1142 entries (11 minibatch(es)) have been sent to the engine
[2026-02-22T16:23:34]:INFO:FileSystem(logs/all_packets.csv): Done writing 44 entries, time 1771757614176. Current batch writes took: 0 ms. All writes so far took: 0 ms.
[2026-02-22T16:23:34]:INFO:subscribe-2: Done writing 36 entries, time 1771757614176. Current batch writes took: 0 ms. All writes so far took: 0 ms.
[2026-02-22T16:23:34]:INFO:subscribe-2: Done writing 66 entries, time 1771757614176. Current batch writes took: 0 ms. All writes so far took: 0 ms.
[2026-02-22T16:23:34]:INFO:FileSystem(logs/debug_graph_edges.csv): Done writing 66 entries, time 1771757614176. Current batch writes took: 0 ms. All writes so far took: 0 ms.
[2026-02-22T16:23:34]:INFO:subscribe-1: Done writing 10 entries, time 1771757614176. Current batch writes took: 0 ms. All writes so far took: 0 ms.
[2026-02-22T16:23:34]:INFO:FileSystem(docs/anomalies.csv): Done writing 10 entries, time 1771757614176. Current batch writes took: 0 ms. All writes so far took: 0 ms.
[2026-02-22T16:23:34]:INFO:FileSystem(docs/rag_context.csv): Done writing 10 entries, time 1771757614176. Current batch writes took: 0 ms. All writes so far took: 0 ms.
[2026-02-22T16:23:39]:INFO:FileSystem(live_data/stream.jsonl): 189 entries (5 minibatch(es)) have been sent to the engine
[2026-02-22T16:23:39]:INFO:FileSystem(logs/all_packets.csv): Done writing 1 entries, time 1771757619626. Current batch writes took: 0 ms. All writes so far took: 0 ms.
[2026-02-22T16:23:39]:INFO:subscribe-1: Done writing 1 entries, time 1771757619626. Current batch writes took: 0 ms. All writes so far took: 0 ms.
[2026-02-22T16:23:39]:INFO:subscribe-2: Done writing 11 entries, time 1771757619626. Current batch writes took: 0 ms. All writes so far took: 0 ms.
[2026-02-22T16:23:39]:INFO:FileSystem(logs/debug_graph_edges.csv): Done writing 11 entries, time 1771757619626. Current batch writes took: 0 ms. All writes so far took: 0 ms.
[2026-02-22T16:23:39]:INFO:subscribe-2: Done writing 0 entries, time 1771757619626. Current batch writes took: 0 ms. All writes so far took: 0 ms.
[2026-02-22T16:23:39]:INFO:FileSystem(docs/anomalies.csv): Done writing 1 entries, time 1771757619626. Current batch writes took: 0 ms. All writes so far took: 0 ms.
[2026-02-22T16:23:39]:INFO:FileSystem(docs/rag_context.csv): Done writing 1 entries, time 1771757619626. Current batch writes took: 0 ms. All writes so far took: 0 ms.
[2026-02-22T16:23:45]:INFO:FileSystem(live_data/stream.jsonl): 192 entries (5 minibatch(es)) have been sent to the engine
[2026-02-22T16:23:45]:INFO:FileSystem(logs/all_packets.csv): Done writing 2 entries, time 1771757625626. Current batch writes took: 0 ms. All writes so far took: 0 ms.
[2026-02-22T16:23:45]:INFO:subscribe-1: Done writing 1 entries, time 1771757625626. Current batch writes took: 0 ms. All writes so far took: 0 ms.
[2026-02-22T16:23:45]:INFO:subscribe-2: Done writing 8 entries, time 1771757625626. Current batch writes took: 0 ms. All writes so far took: 0 ms.
[2026-02-22T16:23:45]:INFO:FileSystem(logs/debug_graph_edges.csv): Done writing 8 entries, time 1771757625626. Current batch writes took: 0 ms. All writes so far took: 0 ms.
[2026-02-22T16:23:45]:INFO:subscribe-2: Done writing 5 entries, time 1771757625626. Current batch writes took: 0 ms. All writes so far took: 0 ms.
[2026-02-22T16:23:45]:INFO:FileSystem(docs/anomalies.csv): Done writing 1 entries, time 1771757625626. Current batch writes took: 0 ms. All writes so far took: 0 ms.
[2026-02-22T16:23:45]:INFO:FileSystem(docs/rag_context.csv): Done writing 1 entries, time 1771757625626. Current batch writes took: 0 ms. All writes so far took: 0 ms.
[2026-02-22T16:23:51]:INFO:FileSystem(live_data/stream.jsonl): 615 entries (7 minibatch(es)) have been sent to the engine
[2026-02-22T16:23:51]:INFO:FileSystem(logs/all_packets.csv): Done writing 9 entries, time 1771757631626. Current batch writes took: 0 ms. All writes so far took: 0 ms.
[2026-02-22T16:23:51]:INFO:subscribe-1: Done writing 3 entries, time 1771757631626. Current batch writes took: 0 ms. All writes so far took: 0 ms.
[2026-02-22T16:23:51]:INFO:subscribe-2: Done writing 27 entries, time 1771757631626. Current batch writes took: 0 ms. All writes so far took: 0 ms.
[2026-02-22T16:23:51]:INFO:FileSystem(logs/debug_graph_edges.csv): Done writing 27 entries, time 1771757631626. Current batch writes took: 0 ms. All writes so far took: 0 ms.
[2026-02-22T16:23:51]:INFO:subscribe-2: Done writing 5 entries, time 1771757631626. Current batch writes took: 0 ms. All writes so far took: 0 ms.
[2026-02-22T16:23:51]:INFO:FileSystem(docs/anomalies.csv): Done writing 3 entries, time 1771757631626. Current batch writes took: 0 ms. All writes so far took: 0 ms.
[2026-02-22T16:23:51]:INFO:FileSystem(docs/rag_context.csv): Done writing 3 entries, time 1771757631626. Current batch writes took: 0 ms. All writes so far took: 0 ms.
[2026-02-22T16:23:56]:INFO:FileSystem(live_data/stream.jsonl): 215 entries (4 minibatch(es)) have been sent to the engine
[2026-02-22T16:23:56]:INFO:FileSystem(logs/all_packets.csv): Done writing 3 entries, time 1771757636700. Current batch writes took: 0 ms. All writes so far took: 0 ms.
[2026-02-22T16:23:56]:INFO:subscribe-2: Done writing 5 entries, time 1771757636700. Current batch writes took: 0 ms. All writes so far took: 0 ms.
[2026-02-22T16:23:56]:INFO:subscribe-2: Done writing 7 entries, time 1771757636700. Current batch writes took: 0 ms. All writes so far took: 0 ms.
[2026-02-22T16:23:56]:INFO:FileSystem(logs/debug_graph_edges.csv): Done writing 7 entries, time 1771757636700. Current batch writes took: 0 ms. All writes so far took: 0 ms.
[2026-02-22T16:23:56]:INFO:subscribe-1: Done writing 1 entries, time 1771757636700. Current batch writes took: 0 ms. All writes so far took: 0 ms.
[2026-02-22T16:23:56]:INFO:FileSystem(docs/anomalies.csv): Done writing 1 entries, time 1771757636700. Current batch writes took: 0 ms. All writes so far took: 0 ms.
[2026-02-22T16:23:56]:INFO:FileSystem(docs/rag_context.csv): Done writing 1 entries, time 1771757636700. Current batch writes took: 0 ms. All writes so far took: 0 ms.
[2026-02-22T16:24:02]:INFO:FileSystem(live_data/stream.jsonl): 220 entries (5 minibatch(es)) have been sent to the engine
[2026-02-22T16:24:02]:INFO:FileSystem(logs/all_packets.csv): Done writing 2 entries, time 1771757642126. Current batch writes took: 0 ms. All writes so far took: 0 ms.
[2026-02-22T16:24:02]:INFO:subscribe-1: Done writing 2 entries, time 1771757642126. Current batch writes took: 0 ms. All writes so far took: 0 ms.
[2026-02-22T16:24:02]:INFO:subscribe-2: Done writing 13 entries, time 1771757642126. Current batch writes took: 0 ms. All writes so far took: 0 ms.
[2026-02-22T16:24:02]:INFO:subscribe-2: Done writing 15 entries, time 1771757642126. Current batch writes took: 0 ms. All writes so far took: 0 ms.
[2026-02-22T16:24:02]:INFO:FileSystem(logs/debug_graph_edges.csv): Done writing 13 entries, time 1771757642126. Current batch writes took: 0 ms. All writes so far took: 0 ms.
[2026-02-22T16:24:02]:INFO:FileSystem(docs/anomalies.csv): Done writing 2 entries, time 1771757642126. Current batch writes took: 0 ms. All writes so far took: 0 ms.
[2026-02-22T16:24:02]:INFO:FileSystem(docs/rag_context.csv): Done writing 2 entries, time 1771757642126. Current batch writes took: 0 ms. All writes so far took: 0 ms.
[2026-02-22T16:24:08]:INFO:FileSystem(live_data/stream.jsonl): 0 entries (4 minibatch(es)) have been sent to the engine
[2026-02-22T16:24:08]:INFO:FileSystem(logs/all_packets.csv): Done writing 0 entries, time 1771757648126. Current batch writes took: 0 ms. All writes so far took: 0 ms.
[2026-02-22T16:24:08]:INFO:subscribe-1: Done writing 0 entries, time 1771757648126. Current batch writes took: 0 ms. All writes so far took: 0 ms.
[2026-02-22T16:24:08]:INFO:subscribe-2: Done writing 0 entries, time 1771757648126. Current batch writes took: 0 ms. All writes so far took: 0 ms.
[2026-02-22T16:24:08]:INFO:FileSystem(logs/debug_graph_edges.csv): Done writing 0 entries, time 1771757648126. Current batch writes took: 0 ms. All writes so far took: 0 ms.
[2026-02-22T16:24:08]:INFO:subscribe-2: Done writing 0 entries, time 1771757648126. Current batch writes took: 0 ms. All writes so far took: 0 ms.
[2026-02-22T16:24:08]:INFO:FileSystem(docs/anomalies.csv): Done writing 0 entries, time 1771757648126. Current batch writes took: 0 ms. All writes so far took: 0 ms.
[2026-02-22T16:24:08]:INFO:FileSystem(docs/rag_context.csv): Done writing 0 entries, time 1771757648126. Current batch writes took: 0 ms. All writes so far took: 0 ms.
[2026-02-22T16:24:14]:INFO:FileSystem(live_data/stream.jsonl): 224 entries (5 minibatch(es)) have been sent to the engine
[2026-02-22T16:24:14]:INFO:FileSystem(logs/all_packets.csv): Done writing 2 entries, time 1771757654126. Current batch writes took: 0 ms. All writes so far took: 0 ms.
[2026-02-22T16:24:14]:INFO:subscribe-1: Done writing 1 entries, time 1771757654126. Current batch writes took: 0 ms. All writes so far took: 0 ms.
[2026-02-22T16:24:14]:INFO:subscribe-2: Done writing 5 entries, time 1771757654126. Current batch writes took: 0 ms. All writes so far took: 0 ms.
[2026-02-22T16:24:14]:INFO:subscribe-2: Done writing 5 entries, time 1771757654126. Current batch writes took: 0 ms. All writes so far took: 0 ms.
[2026-02-22T16:24:14]:INFO:FileSystem(logs/debug_graph_edges.csv): Done writing 5 entries, time 1771757654126. Current batch writes took: 0 ms. All writes so far took: 0 ms.
[2026-02-22T16:24:14]:INFO:FileSystem(docs/anomalies.csv): Done writing 1 entries, time 1771757654126. Current batch writes took: 0 ms. All writes so far took: 0 ms.
[2026-02-22T16:24:14]:INFO:FileSystem(docs/rag_context.csv): Done writing 1 entries, time 1771757654126. Current batch writes took: 0 ms. All writes so far took: 0 ms.
[2026-02-22T16:24:19]:INFO:FileSystem(live_data/stream.jsonl): 461 entries (5 minibatch(es)) have been sent to the engine
[2026-02-22T16:24:19]:INFO:FileSystem(logs/all_packets.csv): Done writing 5 entries, time 1771757659220. Current batch writes took: 0 ms. All writes so far took: 0 ms.
[2026-02-22T16:24:19]:INFO:subscribe-2: Done writing 0 entries, time 1771757659220. Current batch writes took: 0 ms. All writes so far took: 0 ms.
[2026-02-22T16:24:19]:INFO:subscribe-2: Done writing 16 entries, time 1771757659220. Current batch writes took: 0 ms. All writes so far took: 0 ms.
[2026-02-22T16:24:19]:INFO:FileSystem(logs/debug_graph_edges.csv): Done writing 16 entries, time 1771757659220. Current batch writes took: 0 ms. All writes so far took: 0 ms.
[2026-02-22T16:24:19]:INFO:subscribe-1: Done writing 3 entries, time 1771757659220. Current batch writes took: 0 ms. All writes so far took: 0 ms.
[2026-02-22T16:24:19]:INFO:FileSystem(docs/anomalies.csv): Done writing 3 entries, time 1771757659220. Current batch writes took: 0 ms. All writes so far took: 0 ms.
[2026-02-22T16:24:19]:INFO:FileSystem(docs/rag_context.csv): Done writing 3 entries, time 1771757659220. Current batch writes took: 0 ms. All writes so far took: 0 ms.
[2026-02-22T16:24:24]:INFO:FileSystem(live_data/stream.jsonl): 476 entries (6 minibatch(es)) have been sent to the engine
[2026-02-22T16:24:24]:INFO:FileSystem(logs/all_packets.csv): Done writing 2 entries, time 1771757664626. Current batch writes took: 0 ms. All writes so far took: 0 ms.
[2026-02-22T16:24:24]:INFO:subscribe-1: Done writing 6 entries, time 1771757664626. Current batch writes took: 0 ms. All writes so far took: 0 ms.
[2026-02-22T16:24:24]:INFO:subscribe-2: Done writing 21 entries, time 1771757664626. Current batch writes took: 0 ms. All writes so far took: 0 ms.
[2026-02-22T16:24:24]:INFO:FileSystem(logs/debug_graph_edges.csv): Done writing 21 entries, time 1771757664626. Current batch writes took: 0 ms. All writes so far took: 1 ms.
[2026-02-22T16:24:24]:INFO:subscribe-2: Done writing 15 entries, time 1771757664626. Current batch writes took: 0 ms. All writes so far took: 0 ms.
[2026-02-22T16:24:24]:INFO:FileSystem(docs/anomalies.csv): Done writing 6 entries, time 1771757664626. Current batch writes took: 0 ms. All writes so far took: 0 ms.
[2026-02-22T16:24:24]:INFO:FileSystem(docs/rag_context.csv): Done writing 6 entries, time 1771757664626. Current batch writes took: 0 ms. All writes so far took: 0 ms.
[2026-02-22T16:24:30]:INFO:FileSystem(live_data/stream.jsonl): 243 entries (5 minibatch(es)) have been sent to the engine
[2026-02-22T16:24:30]:INFO:FileSystem(logs/all_packets.csv): Done writing 3 entries, time 1771757670626. Current batch writes took: 0 ms. All writes so far took: 0 ms.
[2026-02-22T16:24:30]:INFO:subscribe-1: Done writing 1 entries, time 1771757670626. Current batch writes took: 0 ms. All writes so far took: 0 ms.
[2026-02-22T16:24:30]:INFO:subscribe-2: Done writing 7 entries, time 1771757670626. Current batch writes took: 0 ms. All writes so far took: 0 ms.
[2026-02-22T16:24:30]:INFO:FileSystem(logs/debug_graph_edges.csv): Done writing 7 entries, time 1771757670626. Current batch writes took: 0 ms. All writes so far took: 1 ms.
[2026-02-22T16:24:30]:INFO:subscribe-2: Done writing 5 entries, time 1771757670626. Current batch writes took: 0 ms. All writes so far took: 0 ms.
[2026-02-22T16:24:30]:INFO:FileSystem(docs/anomalies.csv): Done writing 1 entries, time 1771757670626. Current batch writes took: 0 ms. All writes so far took: 0 ms.
[2026-02-22T16:24:30]:INFO:FileSystem(docs/rag_context.csv): Done writing 1 entries, time 1771757670626. Current batch writes took: 0 ms. All writes so far took: 0 ms.
[2026-02-22T16:24:36]:INFO:FileSystem(live_data/stream.jsonl): 758 entries (7 minibatch(es)) have been sent to the engine
[2026-02-22T16:24:36]:INFO:FileSystem(logs/all_packets.csv): Done writing 8 entries, time 1771757676626. Current batch writes took: 0 ms. All writes so far took: 0 ms.
[2026-02-22T16:24:36]:INFO:subscribe-1: Done writing 4 entries, time 1771757676626. Current batch writes took: 0 ms. All writes so far took: 0 ms.
[2026-02-22T16:24:36]:INFO:subscribe-2: Done writing 29 entries, time 1771757676626. Current batch writes took: 0 ms. All writes so far took: 0 ms.
[2026-02-22T16:24:36]:INFO:FileSystem(logs/debug_graph_edges.csv): Done writing 29 entries, time 1771757676626. Current batch writes took: 0 ms. All writes so far took: 1 ms.
[2026-02-22T16:24:36]:INFO:subscribe-2: Done writing 27 entries, time 1771757676626. Current batch writes took: 0 ms. All writes so far took: 0 ms.
[2026-02-22T16:24:36]:INFO:FileSystem(docs/anomalies.csv): Done writing 4 entries, time 1771757676626. Current batch writes took: 0 ms. All writes so far took: 0 ms.
[2026-02-22T16:24:36]:INFO:FileSystem(docs/rag_context.csv): Done writing 4 entries, time 1771757676626. Current batch writes took: 0 ms. All writes so far took: 0 ms.
[2026-02-22T16:24:42]:INFO:FileSystem(live_data/stream.jsonl): 542 entries (6 minibatch(es)) have been sent to the engine
[2026-02-22T16:24:42]:INFO:FileSystem(logs/all_packets.csv): Done writing 8 entries, time 1771757682626. Current batch writes took: 0 ms. All writes so far took: 1 ms.
[2026-02-22T16:24:42]:INFO:subscribe-1: Done writing 3 entries, time 1771757682626. Current batch writes took: 0 ms. All writes so far took: 0 ms.
[2026-02-22T16:24:42]:INFO:subscribe-2: Done writing 17 entries, time 1771757682626. Current batch writes took: 0 ms. All writes so far took: 0 ms.
[2026-02-22T16:24:42]:INFO:FileSystem(logs/debug_graph_edges.csv): Done writing 17 entries, time 1771757682626. Current batch writes took: 0 ms. All writes so far took: 1 ms.
[2026-02-22T16:24:42]:INFO:subscribe-2: Done writing 0 entries, time 1771757682626. Current batch writes took: 0 ms. All writes so far took: 0 ms.
[2026-02-22T16:24:42]:INFO:FileSystem(docs/anomalies.csv): Done writing 3 entries, time 1771757682626. Current batch writes took: 0 ms. All writes so far took: 0 ms.
[2026-02-22T16:24:42]:INFO:FileSystem(docs/rag_context.csv): Done writing 3 entries, time 1771757682626. Current batch writes took: 0 ms. All writes so far took: 0 ms.
[2026-02-22T16:24:48]:INFO:FileSystem(live_data/stream.jsonl): 844 entries (7 minibatch(es)) have been sent to the engine
[2026-02-22T16:24:48]:INFO:FileSystem(logs/all_packets.csv): Done writing 4 entries, time 1771757688626. Current batch writes took: 0 ms. All writes so far took: 1 ms.
[2026-02-22T16:24:48]:INFO:subscribe-1: Done writing 7 entries, time 1771757688626. Current batch writes took: 0 ms. All writes so far took: 0 ms.
[2026-02-22T16:24:48]:INFO:FileSystem(logs/debug_graph_edges.csv): Done writing 33 entries, time 1771757688626. Current batch writes took: 0 ms. All writes so far took: 1 ms.
[2026-02-22T16:24:48]:INFO:subscribe-2: Done writing 33 entries, time 1771757688626. Current batch writes took: 0 ms. All writes so far took: 0 ms.
[2026-02-22T16:24:48]:INFO:subscribe-2: Done writing 26 entries, time 1771757688626. Current batch writes took: 0 ms. All writes so far took: 0 ms.
[2026-02-22T16:24:48]:INFO:FileSystem(docs/anomalies.csv): Done writing 7 entries, time 1771757688626. Current batch writes took: 0 ms. All writes so far took: 0 ms.
[2026-02-22T16:24:48]:INFO:FileSystem(docs/rag_context.csv): Done writing 7 entries, time 1771757688626. Current batch writes took: 0 ms. All writes so far took: 0 ms.
[2026-02-22T16:24:54]:INFO:FileSystem(live_data/stream.jsonl): 585 entries (6 minibatch(es)) have been sent to the engine
[2026-02-22T16:24:54]:INFO:FileSystem(logs/all_packets.csv): Done writing 7 entries, time 1771757694626. Current batch writes took: 0 ms. All writes so far took: 1 ms.
[2026-02-22T16:24:54]:INFO:subscribe-1: Done writing 3 entries, time 1771757694626. Current batch writes took: 0 ms. All writes so far took: 0 ms.
[2026-02-22T16:24:54]:INFO:subscribe-2: Done writing 17 entries, time 1771757694626. Current batch writes took: 0 ms. All writes so far took: 0 ms.
[2026-02-22T16:24:54]:INFO:FileSystem(logs/debug_graph_edges.csv): Done writing 17 entries, time 1771757694626. Current batch writes took: 0 ms. All writes so far took: 1 ms.
[2026-02-22T16:24:54]:INFO:subscribe-2: Done writing 15 entries, time 1771757694626. Current batch writes took: 0 ms. All writes so far took: 0 ms.
[2026-02-22T16:24:54]:INFO:FileSystem(docs/anomalies.csv): Done writing 3 entries, time 1771757694626. Current batch writes took: 0 ms. All writes so far took: 1 ms.
[2026-02-22T16:24:54]:INFO:FileSystem(docs/rag_context.csv): Done writing 3 entries, time 1771757694626. Current batch writes took: 0 ms. All writes so far took: 0 ms.
[2026-02-22T16:25:00]:INFO:FileSystem(live_data/stream.jsonl): 302 entries (5 minibatch(es)) have been sent to the engine
[2026-02-22T16:25:00]:INFO:FileSystem(logs/all_packets.csv): Done writing 2 entries, time 1771757700626. Current batch writes took: 0 ms. All writes so far took: 1 ms.
[2026-02-22T16:25:00]:INFO:subscribe-1: Done writing 2 entries, time 1771757700626. Current batch writes took: 0 ms. All writes so far took: 0 ms.
[2026-02-22T16:25:00]:INFO:subscribe-2: Done writing 12 entries, time 1771757700626. Current batch writes took: 0 ms. All writes so far took: 0 ms.
[2026-02-22T16:25:00]:INFO:subscribe-2: Done writing 15 entries, time 1771757700626. Current batch writes took: 0 ms. All writes so far took: 0 ms.
[2026-02-22T16:25:00]:INFO:FileSystem(logs/debug_graph_edges.csv): Done writing 12 entries, time 1771757700626. Current batch writes took: 0 ms. All writes so far took: 1 ms.
[2026-02-22T16:25:00]:INFO:FileSystem(docs/anomalies.csv): Done writing 2 entries, time 1771757700626. Current batch writes took: 0 ms. All writes so far took: 1 ms.
[2026-02-22T16:25:00]:INFO:FileSystem(docs/rag_context.csv): Done writing 2 entries, time 1771757700626. Current batch writes took: 0 ms. All writes so far took: 0 ms.
[2026-02-22T16:25:06]:INFO:FileSystem(live_data/stream.jsonl): 306 entries (4 minibatch(es)) have been sent to the engine
[2026-02-22T16:25:06]:INFO:FileSystem(logs/all_packets.csv): Done writing 2 entries, time 1771757706276. Current batch writes took: 0 ms. All writes so far took: 1 ms.
[2026-02-22T16:25:06]:INFO:subscribe-2: Done writing 5 entries, time 1771757706276. Current batch writes took: 0 ms. All writes so far took: 0 ms.
[2026-02-22T16:25:06]:INFO:subscribe-2: Done writing 5 entries, time 1771757706276. Current batch writes took: 0 ms. All writes so far took: 0 ms.
[2026-02-22T16:25:06]:INFO:FileSystem(logs/debug_graph_edges.csv): Done writing 5 entries, time 1771757706276. Current batch writes took: 0 ms. All writes so far took: 1 ms.
[2026-02-22T16:25:06]:INFO:subscribe-1: Done writing 1 entries, time 1771757706276. Current batch writes took: 0 ms. All writes so far took: 0 ms.
[2026-02-22T16:25:06]:INFO:FileSystem(docs/anomalies.csv): Done writing 1 entries, time 1771757706276. Current batch writes took: 0 ms. All writes so far took: 1 ms.
[2026-02-22T16:25:06]:INFO:FileSystem(docs/rag_context.csv): Done writing 1 entries, time 1771757706276. Current batch writes took: 0 ms. All writes so far took: 0 ms.
[2026-02-22T16:25:12]:INFO:FileSystem(live_data/stream.jsonl): 625 entries (7 minibatch(es)) have been sent to the engine
[2026-02-22T16:25:12]:INFO:FileSystem(logs/all_packets.csv): Done writing 5 entries, time 1771757712626. Current batch writes took: 0 ms. All writes so far took: 1 ms.
[2026-02-22T16:25:12]:INFO:subscribe-1: Done writing 4 entries, time 1771757712626. Current batch writes took: 0 ms. All writes so far took: 0 ms.
[2026-02-22T16:25:12]:INFO:subscribe-2: Done writing 23 entries, time 1771757712626. Current batch writes took: 0 ms. All writes so far took: 0 ms.
[2026-02-22T16:25:12]:INFO:subscribe-2: Done writing 10 entries, time 1771757712626. Current batch writes took: 0 ms. All writes so far took: 0 ms.
[2026-02-22T16:25:12]:INFO:FileSystem(logs/debug_graph_edges.csv): Done writing 23 entries, time 1771757712626. Current batch writes took: 0 ms. All writes so far took: 1 ms.
[2026-02-22T16:25:12]:INFO:FileSystem(docs/anomalies.csv): Done writing 4 entries, time 1771757712626. Current batch writes took: 0 ms. All writes so far took: 1 ms.
[2026-02-22T16:25:12]:INFO:FileSystem(docs/rag_context.csv): Done writing 4 entries, time 1771757712626. Current batch writes took: 0 ms. All writes so far took: 0 ms.
[2026-02-22T16:25:18]:INFO:FileSystem(live_data/stream.jsonl): 320 entries (5 minibatch(es)) have been sent to the engine
[2026-02-22T16:25:18]:INFO:FileSystem(logs/all_packets.csv): Done writing 2 entries, time 1771757718626. Current batch writes took: 0 ms. All writes so far took: 1 ms.
[2026-02-22T16:25:18]:INFO:subscribe-1: Done writing 1 entries, time 1771757718626. Current batch writes took: 0 ms. All writes so far took: 0 ms.
[2026-02-22T16:25:18]:INFO:subscribe-2: Done writing 8 entries, time 1771757718626. Current batch writes took: 0 ms. All writes so far took: 0 ms.
[2026-02-22T16:25:18]:INFO:FileSystem(logs/debug_graph_edges.csv): Done writing 8 entries, time 1771757718626. Current batch writes took: 0 ms. All writes so far took: 1 ms.
[2026-02-22T16:25:18]:INFO:subscribe-2: Done writing 5 entries, time 1771757718626. Current batch writes took: 0 ms. All writes so far took: 0 ms.
[2026-02-22T16:25:18]:INFO:FileSystem(docs/anomalies.csv): Done writing 1 entries, time 1771757718626. Current batch writes took: 0 ms. All writes so far took: 1 ms.
[2026-02-22T16:25:18]:INFO:FileSystem(docs/rag_context.csv): Done writing 1 entries, time 1771757718626. Current batch writes took: 0 ms. All writes so far took: 0 ms.
[2026-02-22T16:25:24]:INFO:FileSystem(live_data/stream.jsonl): 327 entries (5 minibatch(es)) have been sent to the engine
[2026-02-22T16:25:24]:INFO:FileSystem(logs/all_packets.csv): Done writing 5 entries, time 1771757724626. Current batch writes took: 0 ms. All writes so far took: 1 ms.
[2026-02-22T16:25:24]:INFO:subscribe-1: Done writing 1 entries, time 1771757724626. Current batch writes took: 0 ms. All writes so far took: 0 ms.
[2026-02-22T16:25:24]:INFO:subscribe-2: Done writing 13 entries, time 1771757724626. Current batch writes took: 0 ms. All writes so far took: 0 ms.
[2026-02-22T16:25:24]:INFO:FileSystem(logs/debug_graph_edges.csv): Done writing 13 entries, time 1771757724626. Current batch writes took: 0 ms. All writes so far took: 1 ms.
[2026-02-22T16:25:24]:INFO:subscribe-2: Done writing 15 entries, time 1771757724626. Current batch writes took: 0 ms. All writes so far took: 0 ms.
[2026-02-22T16:25:24]:INFO:FileSystem(docs/anomalies.csv): Done writing 1 entries, time 1771757724626. Current batch writes took: 0 ms. All writes so far took: 1 ms.
[2026-02-22T16:25:24]:INFO:FileSystem(docs/rag_context.csv): Done writing 1 entries, time 1771757724626. Current batch writes took: 0 ms. All writes so far took: 0 ms.
[2026-02-22T16:25:30]:INFO:FileSystem(live_data/stream.jsonl): 668 entries (6 minibatch(es)) have been sent to the engine
[2026-02-22T16:25:30]:INFO:FileSystem(logs/all_packets.csv): Done writing 2 entries, time 1771757730626. Current batch writes took: 0 ms. All writes so far took: 1 ms.
[2026-02-22T16:25:30]:INFO:subscribe-1: Done writing 3 entries, time 1771757730626. Current batch writes took: 0 ms. All writes so far took: 0 ms.
[2026-02-22T16:25:30]:INFO:subscribe-2: Done writing 17 entries, time 1771757730626. Current batch writes took: 0 ms. All writes so far took: 0 ms.
[2026-02-22T16:25:30]:INFO:subscribe-2: Done writing 15 entries, time 1771757730626. Current batch writes took: 0 ms. All writes so far took: 0 ms.
[2026-02-22T16:25:30]:INFO:FileSystem(logs/debug_graph_edges.csv): Done writing 17 entries, time 1771757730626. Current batch writes took: 0 ms. All writes so far took: 1 ms.
[2026-02-22T16:25:30]:INFO:FileSystem(docs/anomalies.csv): Done writing 3 entries, time 1771757730626. Current batch writes took: 0 ms. All writes so far took: 1 ms.
[2026-02-22T16:25:30]:INFO:FileSystem(docs/rag_context.csv): Done writing 3 entries, time 1771757730626. Current batch writes took: 0 ms. All writes so far took: 0 ms.
[2026-02-22T16:25:36]:INFO:FileSystem(live_data/stream.jsonl): 0 entries (4 minibatch(es)) have been sent to the engine
[2026-02-22T16:25:36]:INFO:FileSystem(logs/all_packets.csv): Done writing 0 entries, time 1771757736626. Current batch writes took: 0 ms. All writes so far took: 1 ms.
[2026-02-22T16:25:36]:INFO:subscribe-1: Done writing 0 entries, time 1771757736626. Current batch writes took: 0 ms. All writes so far took: 0 ms.
[2026-02-22T16:25:36]:INFO:subscribe-2: Done writing 0 entries, time 1771757736626. Current batch writes took: 0 ms. All writes so far took: 0 ms.
[2026-02-22T16:25:36]:INFO:subscribe-2: Done writing 0 entries, time 1771757736626. Current batch writes took: 0 ms. All writes so far took: 0 ms.
[2026-02-22T16:25:36]:INFO:FileSystem(logs/debug_graph_edges.csv): Done writing 0 entries, time 1771757736626. Current batch writes took: 0 ms. All writes so far took: 1 ms.
[2026-02-22T16:25:36]:INFO:FileSystem(docs/anomalies.csv): Done writing 0 entries, time 1771757736626. Current batch writes took: 0 ms. All writes so far took: 1 ms.
[2026-02-22T16:25:36]:INFO:FileSystem(docs/rag_context.csv): Done writing 0 entries, time 1771757736626. Current batch writes took: 0 ms. All writes so far took: 0 ms.
[2026-02-22T16:25:42]:INFO:FileSystem(live_data/stream.jsonl): 1021 entries (7 minibatch(es)) have been sent to the engine
[2026-02-22T16:25:42]:INFO:FileSystem(logs/all_packets.csv): Done writing 7 entries, time 1771757742626. Current batch writes took: 0 ms. All writes so far took: 1 ms.
[2026-02-22T16:25:42]:INFO:subscribe-1: Done writing 4 entries, time 1771757742626. Current batch writes took: 0 ms. All writes so far took: 0 ms.
[2026-02-22T16:25:42]:INFO:subscribe-2: Done writing 27 entries, time 1771757742626. Current batch writes took: 0 ms. All writes so far took: 0 ms.
[2026-02-22T16:25:42]:INFO:FileSystem(logs/debug_graph_edges.csv): Done writing 27 entries, time 1771757742626. Current batch writes took: 0 ms. All writes so far took: 1 ms.
[2026-02-22T16:25:42]:INFO:subscribe-2: Done writing 25 entries, time 1771757742626. Current batch writes took: 0 ms. All writes so far took: 0 ms.
[2026-02-22T16:25:42]:INFO:FileSystem(docs/anomalies.csv): Done writing 4 entries, time 1771757742626. Current batch writes took: 0 ms. All writes so far took: 1 ms.
[2026-02-22T16:25:42]:INFO:FileSystem(docs/rag_context.csv): Done writing 4 entries, time 1771757742626. Current batch writes took: 0 ms. All writes so far took: 0 ms.
[2026-02-22T16:25:47]:INFO:FileSystem(live_data/stream.jsonl): 352 entries (4 minibatch(es)) have been sent to the engine
[2026-02-22T16:25:47]:INFO:FileSystem(logs/all_packets.csv): Done writing 2 entries, time 1771757747826. Current batch writes took: 0 ms. All writes so far took: 1 ms.
[2026-02-22T16:25:47]:INFO:subscribe-2: Done writing 5 entries, time 1771757747826. Current batch writes took: 0 ms. All writes so far took: 0 ms.
[2026-02-22T16:25:47]:INFO:subscribe-2: Done writing 7 entries, time 1771757747826. Current batch writes took: 0 ms. All writes so far took: 0 ms.
[2026-02-22T16:25:47]:INFO:FileSystem(logs/debug_graph_edges.csv): Done writing 7 entries, time 1771757747826. Current batch writes took: 0 ms. All writes so far took: 1 ms.
[2026-02-22T16:25:47]:INFO:subscribe-1: Done writing 1 entries, time 1771757747826. Current batch writes took: 0 ms. All writes so far took: 0 ms.
[2026-02-22T16:25:47]:INFO:FileSystem(docs/anomalies.csv): Done writing 1 entries, time 1771757747826. Current batch writes took: 0 ms. All writes so far took: 1 ms.
[2026-02-22T16:25:47]:INFO:FileSystem(docs/rag_context.csv): Done writing 1 entries, time 1771757747826. Current batch writes took: 0 ms. All writes so far took: 0 ms.
[2026-02-22T16:25:52]:INFO:FileSystem(live_data/stream.jsonl): 720 entries (5 minibatch(es)) have been sent to the engine
[2026-02-22T16:25:52]:INFO:FileSystem(logs/all_packets.csv): Done writing 6 entries, time 1771757752836. Current batch writes took: 0 ms. All writes so far took: 1 ms.
[2026-02-22T16:25:52]:INFO:subscribe-2: Done writing 25 entries, time 1771757752836. Current batch writes took: 0 ms. All writes so far took: 0 ms.
[2026-02-22T16:25:52]:INFO:subscribe-2: Done writing 23 entries, time 1771757752836. Current batch writes took: 0 ms. All writes so far took: 0 ms.
[2026-02-22T16:25:52]:INFO:FileSystem(logs/debug_graph_edges.csv): Done writing 23 entries, time 1771757752836. Current batch writes took: 0 ms. All writes so far took: 1 ms.
[2026-02-22T16:25:52]:INFO:subscribe-1: Done writing 5 entries, time 1771757752836. Current batch writes took: 0 ms. All writes so far took: 0 ms.
[2026-02-22T16:25:52]:INFO:FileSystem(docs/anomalies.csv): Done writing 5 entries, time 1771757752836. Current batch writes took: 0 ms. All writes so far took: 1 ms.
[2026-02-22T16:25:52]:INFO:FileSystem(docs/rag_context.csv): Done writing 5 entries, time 1771757752836. Current batch writes took: 0 ms. All writes so far took: 0 ms.
[2026-02-22T16:25:59]:INFO:FileSystem(live_data/stream.jsonl): 824 entries (7 minibatch(es)) have been sent to the engine
[2026-02-22T16:25:59]:INFO:FileSystem(logs/all_packets.csv): Done writing 32 entries, time 1771757759126. Current batch writes took: 0 ms. All writes so far took: 1 ms.
[2026-02-22T16:25:59]:INFO:subscribe-1: Done writing 8 entries, time 1771757759126. Current batch writes took: 0 ms. All writes so far took: 0 ms.
[2026-02-22T16:25:59]:INFO:subscribe-2: Done writing 20 entries, time 1771757759126. Current batch writes took: 0 ms. All writes so far took: 0 ms.
[2026-02-22T16:25:59]:INFO:subscribe-2: Done writing 21 entries, time 1771757759126. Current batch writes took: 0 ms. All writes so far took: 0 ms.
[2026-02-22T16:25:59]:INFO:FileSystem(logs/debug_graph_edges.csv): Done writing 20 entries, time 1771757759126. Current batch writes took: 0 ms. All writes so far took: 1 ms.
[2026-02-22T16:25:59]:INFO:FileSystem(docs/anomalies.csv): Done writing 8 entries, time 1771757759126. Current batch writes took: 0 ms. All writes so far took: 1 ms.
[2026-02-22T16:25:59]:INFO:FileSystem(docs/rag_context.csv): Done writing 8 entries, time 1771757759126. Current batch writes took: 0 ms. All writes so far took: 0 ms.
[2026-02-22T16:26:04]:INFO:FileSystem(live_data/stream.jsonl): 431 entries (4 minibatch(es)) have been sent to the engine
[2026-02-22T16:26:04]:INFO:FileSystem(logs/all_packets.csv): Done writing 1 entries, time 1771757764352. Current batch writes took: 0 ms. All writes so far took: 1 ms.
[2026-02-22T16:26:04]:INFO:subscribe-2: Done writing 5 entries, time 1771757764352. Current batch writes took: 0 ms. All writes so far took: 0 ms.
[2026-02-22T16:26:04]:INFO:subscribe-2: Done writing 5 entries, time 1771757764352. Current batch writes took: 0 ms. All writes so far took: 0 ms.
[2026-02-22T16:26:04]:INFO:FileSystem(logs/debug_graph_edges.csv): Done writing 5 entries, time 1771757764352. Current batch writes took: 0 ms. All writes so far took: 1 ms.
[2026-02-22T16:26:04]:INFO:subscribe-1: Done writing 1 entries, time 1771757764352. Current batch writes took: 0 ms. All writes so far took: 0 ms.
[2026-02-22T16:26:04]:INFO:FileSystem(docs/anomalies.csv): Done writing 1 entries, time 1771757764352. Current batch writes took: 0 ms. All writes so far took: 1 ms.
[2026-02-22T16:26:04]:INFO:FileSystem(docs/rag_context.csv): Done writing 1 entries, time 1771757764352. Current batch writes took: 0 ms. All writes so far took: 0 ms.
[2026-02-22T16:26:09]:INFO:FileSystem(live_data/stream.jsonl): 433 entries (5 minibatch(es)) have been sent to the engine
[2026-02-22T16:26:09]:INFO:FileSystem(logs/all_packets.csv): Done writing 1 entries, time 1771757769626. Current batch writes took: 0 ms. All writes so far took: 1 ms.
[2026-02-22T16:26:09]:INFO:subscribe-1: Done writing 1 entries, time 1771757769626. Current batch writes took: 0 ms. All writes so far took: 0 ms.
[2026-02-22T16:26:09]:INFO:subscribe-2: Done writing 11 entries, time 1771757769626. Current batch writes took: 0 ms. All writes so far took: 0 ms.
[2026-02-22T16:26:09]:INFO:subscribe-2: Done writing 11 entries, time 1771757769626. Current batch writes took: 0 ms. All writes so far took: 0 ms.
[2026-02-22T16:26:09]:INFO:FileSystem(logs/debug_graph_edges.csv): Done writing 11 entries, time 1771757769626. Current batch writes took: 0 ms. All writes so far took: 1 ms.
[2026-02-22T16:26:09]:INFO:FileSystem(docs/anomalies.csv): Done writing 1 entries, time 1771757769626. Current batch writes took: 0 ms. All writes so far took: 1 ms.
[2026-02-22T16:26:09]:INFO:FileSystem(docs/rag_context.csv): Done writing 1 entries, time 1771757769626. Current batch writes took: 0 ms. All writes so far took: 0 ms.
[2026-02-22T16:26:14]:INFO:FileSystem(live_data/stream.jsonl): 882 entries (5 minibatch(es)) have been sent to the engine
[2026-02-22T16:26:14]:INFO:FileSystem(logs/all_packets.csv): Done writing 6 entries, time 1771757774872. Current batch writes took: 0 ms. All writes so far took: 1 ms.
[2026-02-22T16:26:14]:INFO:subscribe-2: Done writing 5 entries, time 1771757774872. Current batch writes took: 0 ms. All writes so far took: 0 ms.
[2026-02-22T16:26:14]:INFO:subscribe-2: Done writing 19 entries, time 1771757774872. Current batch writes took: 0 ms. All writes so far took: 0 ms.
[2026-02-22T16:26:14]:INFO:FileSystem(logs/debug_graph_edges.csv): Done writing 19 entries, time 1771757774872. Current batch writes took: 0 ms. All writes so far took: 1 ms.
[2026-02-22T16:26:14]:INFO:subscribe-1: Done writing 3 entries, time 1771757774872. Current batch writes took: 0 ms. All writes so far took: 0 ms.
[2026-02-22T16:26:14]:INFO:FileSystem(docs/anomalies.csv): Done writing 3 entries, time 1771757774872. Current batch writes took: 0 ms. All writes so far took: 1 ms.
[2026-02-22T16:26:14]:INFO:FileSystem(docs/rag_context.csv): Done writing 3 entries, time 1771757774872. Current batch writes took: 0 ms. All writes so far took: 0 ms.
[2026-02-22T16:26:20]:INFO:FileSystem(live_data/stream.jsonl): 0 entries (4 minibatch(es)) have been sent to the engine
[2026-02-22T16:26:20]:INFO:FileSystem(logs/all_packets.csv): Done writing 0 entries, time 1771757780126. Current batch writes took: 0 ms. All writes so far took: 1 ms.
[2026-02-22T16:26:20]:INFO:subscribe-1: Done writing 0 entries, time 1771757780126. Current batch writes took: 0 ms. All writes so far took: 0 ms.
[2026-02-22T16:26:20]:INFO:subscribe-2: Done writing 0 entries, time 1771757780126. Current batch writes took: 0 ms. All writes so far took: 0 ms.
[2026-02-22T16:26:20]:INFO:FileSystem(logs/debug_graph_edges.csv): Done writing 0 entries, time 1771757780126. Current batch writes took: 0 ms. All writes so far took: 1 ms.
[2026-02-22T16:26:20]:INFO:subscribe-2: Done writing 0 entries, time 1771757780126. Current batch writes took: 0 ms. All writes so far took: 0 ms.
[2026-02-22T16:26:20]:INFO:FileSystem(docs/anomalies.csv): Done writing 0 entries, time 1771757780126. Current batch writes took: 0 ms. All writes so far took: 1 ms.
[2026-02-22T16:26:20]:INFO:FileSystem(docs/rag_context.csv): Done writing 0 entries, time 1771757780126. Current batch writes took: 0 ms. All writes so far took: 0 ms.
[2026-02-22T16:26:26]:INFO:FileSystem(live_data/stream.jsonl): 906 entries (6 minibatch(es)) have been sent to the engine
[2026-02-22T16:26:26]:INFO:FileSystem(logs/all_packets.csv): Done writing 6 entries, time 1771757786126. Current batch writes took: 0 ms. All writes so far took: 1 ms.
[2026-02-22T16:26:26]:INFO:subscribe-1: Done writing 2 entries, time 1771757786126. Current batch writes took: 0 ms. All writes so far took: 0 ms.
[2026-02-22T16:26:26]:INFO:subscribe-2: Done writing 17 entries, time 1771757786126. Current batch writes took: 0 ms. All writes so far took: 0 ms.
[2026-02-22T16:26:26]:INFO:subscribe-2: Done writing 17 entries, time 1771757786126. Current batch writes took: 0 ms. All writes so far took: 0 ms.
[2026-02-22T16:26:26]:INFO:FileSystem(logs/debug_graph_edges.csv): Done writing 17 entries, time 1771757786126. Current batch writes took: 0 ms. All writes so far took: 1 ms.
[2026-02-22T16:26:26]:INFO:FileSystem(docs/anomalies.csv): Done writing 2 entries, time 1771757786126. Current batch writes took: 0 ms. All writes so far took: 1 ms.
[2026-02-22T16:26:26]:INFO:FileSystem(docs/rag_context.csv): Done writing 2 entries, time 1771757786126. Current batch writes took: 0 ms. All writes so far took: 0 ms.
[2026-02-22T16:26:32]:INFO:FileSystem(live_data/stream.jsonl): 460 entries (5 minibatch(es)) have been sent to the engine
[2026-02-22T16:26:32]:INFO:FileSystem(logs/all_packets.csv): Done writing 2 entries, time 1771757792126. Current batch writes took: 0 ms. All writes so far took: 1 ms.
[2026-02-22T16:26:32]:INFO:subscribe-1: Done writing 2 entries, time 1771757792126. Current batch writes took: 0 ms. All writes so far took: 0 ms.
[2026-02-22T16:26:32]:INFO:subscribe-2: Done writing 10 entries, time 1771757792126. Current batch writes took: 0 ms. All writes so far took: 0 ms.
[2026-02-22T16:26:32]:INFO:subscribe-2: Done writing 10 entries, time 1771757792126. Current batch writes took: 0 ms. All writes so far took: 0 ms.
[2026-02-22T16:26:32]:INFO:FileSystem(logs/debug_graph_edges.csv): Done writing 10 entries, time 1771757792126. Current batch writes took: 0 ms. All writes so far took: 1 ms.
[2026-02-22T16:26:32]:INFO:FileSystem(docs/anomalies.csv): Done writing 2 entries, time 1771757792126. Current batch writes took: 0 ms. All writes so far took: 1 ms.
[2026-02-22T16:26:32]:INFO:FileSystem(docs/rag_context.csv): Done writing 2 entries, time 1771757792126. Current batch writes took: 0 ms. All writes so far took: 0 ms.
[2026-02-22T16:26:38]:INFO:FileSystem(live_data/stream.jsonl): 928 entries (6 minibatch(es)) have been sent to the engine
[2026-02-22T16:26:38]:INFO:FileSystem(logs/all_packets.csv): Done writing 2 entries, time 1771757798126. Current batch writes took: 0 ms. All writes so far took: 1 ms.
[2026-02-22T16:26:38]:INFO:subscribe-1: Done writing 3 entries, time 1771757798126. Current batch writes took: 0 ms. All writes so far took: 0 ms.
[2026-02-22T16:26:38]:INFO:subscribe-2: Done writing 15 entries, time 1771757798126. Current batch writes took: 0 ms. All writes so far took: 0 ms.
[2026-02-22T16:26:38]:INFO:FileSystem(logs/debug_graph_edges.csv): Done writing 15 entries, time 1771757798126. Current batch writes took: 0 ms. All writes so far took: 1 ms.
[2026-02-22T16:26:38]:INFO:subscribe-2: Done writing 16 entries, time 1771757798126. Current batch writes took: 0 ms. All writes so far took: 0 ms.
[2026-02-22T16:26:38]:INFO:FileSystem(docs/anomalies.csv): Done writing 3 entries, time 1771757798126. Current batch writes took: 0 ms. All writes so far took: 1 ms.
[2026-02-22T16:26:38]:INFO:FileSystem(docs/rag_context.csv): Done writing 3 entries, time 1771757798126. Current batch writes took: 0 ms. All writes so far took: 0 ms.
[2026-02-22T16:26:44]:INFO:FileSystem(live_data/stream.jsonl): 468 entries (5 minibatch(es)) have been sent to the engine
[2026-02-22T16:26:44]:INFO:FileSystem(logs/all_packets.csv): Done writing 2 entries, time 1771757804126. Current batch writes took: 0 ms. All writes so far took: 1 ms.
[2026-02-22T16:26:44]:INFO:subscribe-1: Done writing 1 entries, time 1771757804126. Current batch writes took: 0 ms. All writes so far took: 0 ms.
[2026-02-22T16:26:44]:INFO:subscribe-2: Done writing 7 entries, time 1771757804126. Current batch writes took: 0 ms. All writes so far took: 0 ms.
[2026-02-22T16:26:44]:INFO:subscribe-2: Done writing 0 entries, time 1771757804126. Current batch writes took: 0 ms. All writes so far took: 0 ms.
[2026-02-22T16:26:44]:INFO:FileSystem(logs/debug_graph_edges.csv): Done writing 7 entries, time 1771757804126. Current batch writes took: 0 ms. All writes so far took: 1 ms.
[2026-02-22T16:26:44]:INFO:FileSystem(docs/anomalies.csv): Done writing 1 entries, time 1771757804126. Current batch writes took: 0 ms. All writes so far took: 1 ms.
[2026-02-22T16:26:44]:INFO:FileSystem(docs/rag_context.csv): Done writing 1 entries, time 1771757804126. Current batch writes took: 0 ms. All writes so far took: 0 ms.
[2026-02-22T16:26:50]:INFO:FileSystem(live_data/stream.jsonl): 944 entries (6 minibatch(es)) have been sent to the engine
[2026-02-22T16:26:50]:INFO:FileSystem(logs/all_packets.csv): Done writing 2 entries, time 1771757810126. Current batch writes took: 0 ms. All writes so far took: 1 ms.
[2026-02-22T16:26:50]:INFO:subscribe-1: Done writing 3 entries, time 1771757810126. Current batch writes took: 0 ms. All writes so far took: 0 ms.
[2026-02-22T16:26:50]:INFO:subscribe-2: Done writing 18 entries, time 1771757810126. Current batch writes took: 0 ms. All writes so far took: 0 ms.
[2026-02-22T16:26:50]:INFO:FileSystem(logs/debug_graph_edges.csv): Done writing 18 entries, time 1771757810126. Current batch writes took: 0 ms. All writes so far took: 2 ms.
[2026-02-22T16:26:50]:INFO:subscribe-2: Done writing 15 entries, time 1771757810126. Current batch writes took: 0 ms. All writes so far took: 0 ms.
[2026-02-22T16:26:50]:INFO:FileSystem(docs/anomalies.csv): Done writing 3 entries, time 1771757810126. Current batch writes took: 0 ms. All writes so far took: 1 ms.
[2026-02-22T16:26:50]:INFO:FileSystem(docs/rag_context.csv): Done writing 3 entries, time 1771757810126. Current batch writes took: 0 ms. All writes so far took: 0 ms.
[2026-02-22T16:26:56]:INFO:FileSystem(live_data/stream.jsonl): 478 entries (5 minibatch(es)) have been sent to the engine
[2026-02-22T16:26:56]:INFO:FileSystem(logs/all_packets.csv): Done writing 4 entries, time 1771757816126. Current batch writes took: 0 ms. All writes so far took: 1 ms.
[2026-02-22T16:26:56]:INFO:subscribe-1: Done writing 1 entries, time 1771757816126. Current batch writes took: 0 ms. All writes so far took: 0 ms.
[2026-02-22T16:26:56]:INFO:subscribe-2: Done writing 6 entries, time 1771757816126. Current batch writes took: 0 ms. All writes so far took: 0 ms.
[2026-02-22T16:26:56]:INFO:subscribe-2: Done writing 5 entries, time 1771757816126. Current batch writes took: 0 ms. All writes so far took: 0 ms.
[2026-02-22T16:26:56]:INFO:FileSystem(logs/debug_graph_edges.csv): Done writing 6 entries, time 1771757816126. Current batch writes took: 0 ms. All writes so far took: 2 ms.
[2026-02-22T16:26:56]:INFO:FileSystem(docs/anomalies.csv): Done writing 1 entries, time 1771757816126. Current batch writes took: 0 ms. All writes so far took: 1 ms.
[2026-02-22T16:26:56]:INFO:FileSystem(docs/rag_context.csv): Done writing 1 entries, time 1771757816126. Current batch writes took: 0 ms. All writes so far took: 0 ms.
[2026-02-22T16:27:02]:INFO:FileSystem(live_data/stream.jsonl): 484 entries (5 minibatch(es)) have been sent to the engine
[2026-02-22T16:27:02]:INFO:FileSystem(logs/all_packets.csv): Done writing 2 entries, time 1771757822126. Current batch writes took: 0 ms. All writes so far took: 1 ms.
[2026-02-22T16:27:02]:INFO:subscribe-1: Done writing 1 entries, time 1771757822126. Current batch writes took: 0 ms. All writes so far took: 0 ms.
[2026-02-22T16:27:02]:INFO:subscribe-2: Done writing 12 entries, time 1771757822126. Current batch writes took: 0 ms. All writes so far took: 0 ms.
[2026-02-22T16:27:02]:INFO:FileSystem(logs/debug_graph_edges.csv): Done writing 12 entries, time 1771757822126. Current batch writes took: 0 ms. All writes so far took: 2 ms.
[2026-02-22T16:27:02]:INFO:subscribe-2: Done writing 14 entries, time 1771757822126. Current batch writes took: 0 ms. All writes so far took: 0 ms.
[2026-02-22T16:27:02]:INFO:FileSystem(docs/anomalies.csv): Done writing 1 entries, time 1771757822126. Current batch writes took: 0 ms. All writes so far took: 1 ms.
[2026-02-22T16:27:02]:INFO:FileSystem(docs/rag_context.csv): Done writing 1 entries, time 1771757822126. Current batch writes took: 0 ms. All writes so far took: 0 ms.
[2026-02-22T16:27:08]:INFO:FileSystem(live_data/stream.jsonl): 488 entries (5 minibatch(es)) have been sent to the engine
[2026-02-22T16:27:08]:INFO:FileSystem(logs/all_packets.csv): Done writing 2 entries, time 1771757828126. Current batch writes took: 0 ms. All writes so far took: 1 ms.
[2026-02-22T16:27:08]:INFO:subscribe-1: Done writing 1 entries, time 1771757828126. Current batch writes took: 0 ms. All writes so far took: 0 ms.
[2026-02-22T16:27:08]:INFO:subscribe-2: Done writing 5 entries, time 1771757828126. Current batch writes took: 0 ms. All writes so far took: 0 ms.
[2026-02-22T16:27:08]:INFO:subscribe-2: Done writing 5 entries, time 1771757828126. Current batch writes took: 0 ms. All writes so far took: 0 ms.
[2026-02-22T16:27:08]:INFO:FileSystem(logs/debug_graph_edges.csv): Done writing 5 entries, time 1771757828126. Current batch writes took: 0 ms. All writes so far took: 2 ms.
[2026-02-22T16:27:08]:INFO:FileSystem(docs/anomalies.csv): Done writing 1 entries, time 1771757828126. Current batch writes took: 0 ms. All writes so far took: 1 ms.
[2026-02-22T16:27:08]:INFO:FileSystem(docs/rag_context.csv): Done writing 1 entries, time 1771757828126. Current batch writes took: 0 ms. All writes so far took: 0 ms.
[2026-02-22T16:27:14]:INFO:FileSystem(live_data/stream.jsonl): 990 entries (6 minibatch(es)) have been sent to the engine
[2026-02-22T16:27:14]:INFO:FileSystem(logs/all_packets.csv): Done writing 6 entries, time 1771757834126. Current batch writes took: 0 ms. All writes so far took: 1 ms.
[2026-02-22T16:27:14]:INFO:subscribe-1: Done writing 3 entries, time 1771757834126. Current batch writes took: 0 ms. All writes so far took: 0 ms.
[2026-02-22T16:27:14]:INFO:subscribe-2: Done writing 22 entries, time 1771757834126. Current batch writes took: 0 ms. All writes so far took: 0 ms.
[2026-02-22T16:27:14]:INFO:subscribe-2: Done writing 21 entries, time 1771757834126. Current batch writes took: 0 ms. All writes so far took: 0 ms.
[2026-02-22T16:27:14]:INFO:FileSystem(logs/debug_graph_edges.csv): Done writing 22 entries, time 1771757834126. Current batch writes took: 0 ms. All writes so far took: 2 ms.
[2026-02-22T16:27:14]:INFO:FileSystem(docs/anomalies.csv): Done writing 3 entries, time 1771757834126. Current batch writes took: 0 ms. All writes so far took: 1 ms.
[2026-02-22T16:27:14]:INFO:FileSystem(docs/rag_context.csv): Done writing 3 entries, time 1771757834126. Current batch writes took: 0 ms. All writes so far took: 0 ms.
[2026-02-22T16:27:19]:INFO:FileSystem(live_data/stream.jsonl): 1008 entries (5 minibatch(es)) have been sent to the engine
[2026-02-22T16:27:19]:INFO:FileSystem(logs/all_packets.csv): Done writing 2 entries, time 1771757839468. Current batch writes took: 0 ms. All writes so far took: 1 ms.
[2026-02-22T16:27:19]:INFO:subscribe-2: Done writing 16 entries, time 1771757839468. Current batch writes took: 0 ms. All writes so far took: 0 ms.
[2026-02-22T16:27:19]:INFO:FileSystem(logs/debug_graph_edges.csv): Done writing 16 entries, time 1771757839468. Current batch writes took: 0 ms. All writes so far took: 2 ms.
[2026-02-22T16:27:19]:INFO:subscribe-2: Done writing 15 entries, time 1771757839468. Current batch writes took: 0 ms. All writes so far took: 0 ms.
[2026-02-22T16:27:19]:INFO:subscribe-1: Done writing 3 entries, time 1771757839468. Current batch writes took: 0 ms. All writes so far took: 0 ms.
[2026-02-22T16:27:19]:INFO:FileSystem(docs/anomalies.csv): Done writing 3 entries, time 1771757839468. Current batch writes took: 0 ms. All writes so far took: 1 ms.
[2026-02-22T16:27:19]:INFO:FileSystem(docs/rag_context.csv): Done writing 3 entries, time 1771757839468. Current batch writes took: 0 ms. All writes so far took: 0 ms.
[2026-02-22T16:27:24]:INFO:FileSystem(live_data/stream.jsonl): 508 entries (5 minibatch(es)) have been sent to the engine
[2026-02-22T16:27:24]:INFO:FileSystem(logs/all_packets.csv): Done writing 2 entries, time 1771757844626. Current batch writes took: 0 ms. All writes so far took: 1 ms.
[2026-02-22T16:27:24]:INFO:subscribe-1: Done writing 2 entries, time 1771757844626. Current batch writes took: 0 ms. All writes so far took: 0 ms.
[2026-02-22T16:27:24]:INFO:subscribe-2: Done writing 12 entries, time 1771757844626. Current batch writes took: 0 ms. All writes so far took: 0 ms.
[2026-02-22T16:27:24]:INFO:FileSystem(logs/debug_graph_edges.csv): Done writing 12 entries, time 1771757844626. Current batch writes took: 0 ms. All writes so far took: 2 ms.
[2026-02-22T16:27:24]:INFO:subscribe-2: Done writing 14 entries, time 1771757844626. Current batch writes took: 0 ms. All writes so far took: 0 ms.
[2026-02-22T16:27:24]:INFO:FileSystem(docs/anomalies.csv): Done writing 2 entries, time 1771757844626. Current batch writes took: 0 ms. All writes so far took: 1 ms.
[2026-02-22T16:27:24]:INFO:FileSystem(docs/rag_context.csv): Done writing 2 entries, time 1771757844626. Current batch writes took: 0 ms. All writes so far took: 0 ms.
[2026-02-22T16:27:29]:INFO:FileSystem(live_data/stream.jsonl): 1024 entries (5 minibatch(es)) have been sent to the engine
[2026-02-22T16:27:29]:INFO:FileSystem(logs/all_packets.csv): Done writing 2 entries, time 1771757849992. Current batch writes took: 0 ms. All writes so far took: 1 ms.
[2026-02-22T16:27:30]:INFO:subscribe-2: Done writing 17 entries, time 1771757849992. Current batch writes took: 0 ms. All writes so far took: 0 ms.
[2026-02-22T16:27:30]:INFO:FileSystem(logs/debug_graph_edges.csv): Done writing 17 entries, time 1771757849992. Current batch writes took: 0 ms. All writes so far took: 2 ms.
[2026-02-22T16:27:30]:INFO:subscribe-2: Done writing 16 entries, time 1771757849992. Current batch writes took: 0 ms. All writes so far took: 0 ms.
[2026-02-22T16:27:30]:INFO:subscribe-1: Done writing 3 entries, time 1771757849992. Current batch writes took: 0 ms. All writes so far took: 0 ms.
[2026-02-22T16:27:30]:INFO:FileSystem(docs/anomalies.csv): Done writing 3 entries, time 1771757849992. Current batch writes took: 0 ms. All writes so far took: 1 ms.
[2026-02-22T16:27:30]:INFO:FileSystem(docs/rag_context.csv): Done writing 3 entries, time 1771757849992. Current batch writes took: 0 ms. All writes so far took: 0 ms.
[2026-02-22T16:27:35]:INFO:FileSystem(live_data/stream.jsonl): 520 entries (5 minibatch(es)) have been sent to the engine
[2026-02-22T16:27:35]:INFO:FileSystem(logs/all_packets.csv): Done writing 6 entries, time 1771757855126. Current batch writes took: 0 ms. All writes so far took: 1 ms.
[2026-02-22T16:27:35]:INFO:subscribe-1: Done writing 1 entries, time 1771757855126. Current batch writes took: 0 ms. All writes so far took: 0 ms.
[2026-02-22T16:27:35]:INFO:subscribe-2: Done writing 10 entries, time 1771757855126. Current batch writes took: 0 ms. All writes so far took: 0 ms.
[2026-02-22T16:27:35]:INFO:FileSystem(logs/debug_graph_edges.csv): Done writing 10 entries, time 1771757855126. Current batch writes took: 0 ms. All writes so far took: 2 ms.
[2026-02-22T16:27:35]:INFO:subscribe-2: Done writing 10 entries, time 1771757855126. Current batch writes took: 0 ms. All writes so far took: 0 ms.
[2026-02-22T16:27:35]:INFO:FileSystem(docs/rag_context.csv): Done writing 1 entries, time 1771757855126. Current batch writes took: 0 ms. All writes so far took: 0 ms.
[2026-02-22T16:27:35]:INFO:FileSystem(docs/anomalies.csv): Done writing 1 entries, time 1771757855126. Current batch writes took: 0 ms. All writes so far took: 1 ms.
[2026-02-22T16:27:40]:INFO:FileSystem(live_data/stream.jsonl): 528 entries (4 minibatch(es)) have been sent to the engine
[2026-02-22T16:27:40]:INFO:FileSystem(logs/all_packets.csv): Done writing 2 entries, time 1771757860510. Current batch writes took: 0 ms. All writes so far took: 1 ms.
[2026-02-22T16:27:40]:INFO:subscribe-2: Done writing 5 entries, time 1771757860510. Current batch writes took: 0 ms. All writes so far took: 0 ms.
[2026-02-22T16:27:40]:INFO:subscribe-2: Done writing 5 entries, time 1771757860510. Current batch writes took: 0 ms. All writes so far took: 0 ms.
[2026-02-22T16:27:40]:INFO:FileSystem(logs/debug_graph_edges.csv): Done writing 5 entries, time 1771757860510. Current batch writes took: 0 ms. All writes so far took: 2 ms.
[2026-02-22T16:27:40]:INFO:subscribe-1: Done writing 1 entries, time 1771757860510. Current batch writes took: 0 ms. All writes so far took: 0 ms.
[2026-02-22T16:27:40]:INFO:FileSystem(docs/anomalies.csv): Done writing 1 entries, time 1771757860510. Current batch writes took: 0 ms. All writes so far took: 1 ms.
[2026-02-22T16:27:40]:INFO:FileSystem(docs/rag_context.csv): Done writing 1 entries, time 1771757860510. Current batch writes took: 0 ms. All writes so far took: 0 ms.
[2026-02-22T16:27:45]:INFO:FileSystem(live_data/stream.jsonl): 1068 entries (6 minibatch(es)) have been sent to the engine
[2026-02-22T16:27:45]:INFO:FileSystem(logs/all_packets.csv): Done writing 4 entries, time 1771757865626. Current batch writes took: 0 ms. All writes so far took: 1 ms.
[2026-02-22T16:27:45]:INFO:subscribe-1: Done writing 3 entries, time 1771757865626. Current batch writes took: 0 ms. All writes so far took: 0 ms.
[2026-02-22T16:27:45]:INFO:subscribe-2: Done writing 21 entries, time 1771757865626. Current batch writes took: 0 ms. All writes so far took: 0 ms.
[2026-02-22T16:27:45]:INFO:subscribe-2: Done writing 10 entries, time 1771757865626. Current batch writes took: 0 ms. All writes so far took: 0 ms.
[2026-02-22T16:27:45]:INFO:FileSystem(logs/debug_graph_edges.csv): Done writing 21 entries, time 1771757865626. Current batch writes took: 0 ms. All writes so far took: 2 ms.
[2026-02-22T16:27:45]:INFO:FileSystem(docs/anomalies.csv): Done writing 3 entries, time 1771757865626. Current batch writes took: 0 ms. All writes so far took: 1 ms.
[2026-02-22T16:27:45]:INFO:FileSystem(docs/rag_context.csv): Done writing 3 entries, time 1771757865626. Current batch writes took: 0 ms. All writes so far took: 0 ms.
[2026-02-22T16:27:51]:INFO:FileSystem(live_data/stream.jsonl): 540 entries (5 minibatch(es)) have been sent to the engine
[2026-02-22T16:27:51]:INFO:FileSystem(logs/all_packets.csv): Done writing 2 entries, time 1771757871626. Current batch writes took: 0 ms. All writes so far took: 2 ms.
[2026-02-22T16:27:51]:INFO:subscribe-1: Done writing 2 entries, time 1771757871626. Current batch writes took: 0 ms. All writes so far took: 0 ms.
[2026-02-22T16:27:51]:INFO:subscribe-2: Done writing 7 entries, time 1771757871626. Current batch writes took: 0 ms. All writes so far took: 0 ms.
[2026-02-22T16:27:51]:INFO:FileSystem(logs/debug_graph_edges.csv): Done writing 7 entries, time 1771757871626. Current batch writes took: 0 ms. All writes so far took: 2 ms.
[2026-02-22T16:27:51]:INFO:subscribe-2: Done writing 6 entries, time 1771757871626. Current batch writes took: 0 ms. All writes so far took: 0 ms.
[2026-02-22T16:27:51]:INFO:FileSystem(docs/anomalies.csv): Done writing 2 entries, time 1771757871626. Current batch writes took: 0 ms. All writes so far took: 1 ms.
[2026-02-22T16:27:51]:INFO:FileSystem(docs/rag_context.csv): Done writing 2 entries, time 1771757871626. Current batch writes took: 0 ms. All writes so far took: 0 ms.
[2026-02-22T16:27:57]:INFO:FileSystem(live_data/stream.jsonl): 544 entries (5 minibatch(es)) have been sent to the engine
[2026-02-22T16:27:57]:INFO:FileSystem(logs/all_packets.csv): Done writing 2 entries, time 1771757877626. Current batch writes took: 0 ms. All writes so far took: 2 ms.
[2026-02-22T16:27:57]:INFO:subscribe-1: Done writing 4 entries, time 1771757877626. Current batch writes took: 0 ms. All writes so far took: 0 ms.
[2026-02-22T16:27:57]:INFO:subscribe-2: Done writing 11 entries, time 1771757877626. Current batch writes took: 0 ms. All writes so far took: 0 ms.
[2026-02-22T16:27:57]:INFO:FileSystem(logs/debug_graph_edges.csv): Done writing 11 entries, time 1771757877626. Current batch writes took: 0 ms. All writes so far took: 2 ms.
[2026-02-22T16:27:57]:INFO:subscribe-2: Done writing 12 entries, time 1771757877626. Current batch writes took: 0 ms. All writes so far took: 0 ms.
[2026-02-22T16:27:57]:INFO:FileSystem(docs/anomalies.csv): Done writing 4 entries, time 1771757877626. Current batch writes took: 0 ms. All writes so far took: 1 ms.
[2026-02-22T16:27:57]:INFO:FileSystem(docs/rag_context.csv): Done writing 4 entries, time 1771757877626. Current batch writes took: 0 ms. All writes so far took: 0 ms.
[2026-02-22T16:28:03]:INFO:FileSystem(live_data/stream.jsonl): 1672 entries (7 minibatch(es)) have been sent to the engine
[2026-02-22T16:28:03]:INFO:FileSystem(logs/all_packets.csv): Done writing 8 entries, time 1771757883626. Current batch writes took: 0 ms. All writes so far took: 2 ms.
[2026-02-22T16:28:03]:INFO:subscribe-1: Done writing 4 entries, time 1771757883626. Current batch writes took: 0 ms. All writes so far took: 0 ms.
[2026-02-22T16:28:03]:INFO:subscribe-2: Done writing 28 entries, time 1771757883626. Current batch writes took: 0 ms. All writes so far took: 0 ms.
[2026-02-22T16:28:03]:INFO:FileSystem(logs/debug_graph_edges.csv): Done writing 28 entries, time 1771757883626. Current batch writes took: 0 ms. All writes so far took: 2 ms.
[2026-02-22T16:28:03]:INFO:subscribe-2: Done writing 27 entries, time 1771757883626. Current batch writes took: 0 ms. All writes so far took: 0 ms.
[2026-02-22T16:28:03]:INFO:FileSystem(docs/anomalies.csv): Done writing 4 entries, time 1771757883626. Current batch writes took: 0 ms. All writes so far took: 1 ms.
[2026-02-22T16:28:03]:INFO:FileSystem(docs/rag_context.csv): Done writing 4 entries, time 1771757883626. Current batch writes took: 0 ms. All writes so far took: 0 ms.
[2026-02-22T16:28:08]:INFO:subscribe-2: Done writing 28 entries, time 1771757888588. Current batch writes took: 0 ms. All writes so far took: 0 ms.
[2026-02-22T16:28:08]:INFO:FileSystem(logs/debug_graph_edges.csv): Done writing 28 entries, time 1771757888588. Current batch writes took: 0 ms. All writes so far took: 2 ms.
[2026-02-22T16:28:08]:INFO:subscribe-1: Done writing 6 entries, time 1771757888588. Current batch writes took: 0 ms. All writes so far took: 0 ms.
[2026-02-22T16:28:08]:INFO:FileSystem(docs/anomalies.csv): Done writing 6 entries, time 1771757888588. Current batch writes took: 0 ms. All writes so far took: 1 ms.
[2026-02-22T16:28:08]:INFO:FileSystem(docs/rag_context.csv): Done writing 6 entries, time 1771757888588. Current batch writes took: 0 ms. All writes so far took: 0 ms.
[2026-02-22T16:28:09]:INFO:FileSystem(live_data/stream.jsonl): 2367 entries (7 minibatch(es)) have been sent to the engine
[2026-02-22T16:28:09]:INFO:FileSystem(logs/all_packets.csv): Done writing 43 entries, time 1771757889096. Current batch writes took: 0 ms. All writes so far took: 2 ms.
[2026-02-22T16:28:09]:INFO:subscribe-2: Done writing 0 entries, time 1771757889096. Current batch writes took: 0 ms. All writes so far took: 0 ms.
[2026-02-22T16:28:14]:INFO:FileSystem(live_data/stream.jsonl): 3328 entries (9 minibatch(es)) have been sent to the engine
[2026-02-22T16:28:14]:INFO:FileSystem(logs/all_packets.csv): Done writing 14 entries, time 1771757894126. Current batch writes took: 0 ms. All writes so far took: 2 ms.
[2026-02-22T16:28:14]:INFO:subscribe-1: Done writing 16 entries, time 1771757894126. Current batch writes took: 0 ms. All writes so far took: 0 ms.
[2026-02-22T16:28:14]:INFO:subscribe-2: Done writing 61 entries, time 1771757894126. Current batch writes took: 0 ms. All writes so far took: 0 ms.
[2026-02-22T16:28:14]:INFO:FileSystem(logs/debug_graph_edges.csv): Done writing 61 entries, time 1771757894126. Current batch writes took: 0 ms. All writes so far took: 2 ms.
[2026-02-22T16:28:14]:INFO:subscribe-2: Done writing 15 entries, time 1771757894126. Current batch writes took: 0 ms. All writes so far took: 0 ms.
[2026-02-22T16:28:14]:INFO:FileSystem(docs/anomalies.csv): Done writing 16 entries, time 1771757894126. Current batch writes took: 0 ms. All writes so far took: 2 ms.
[2026-02-22T16:28:14]:INFO:FileSystem(docs/rag_context.csv): Done writing 16 entries, time 1771757894126. Current batch writes took: 0 ms. All writes so far took: 0 ms.
[2026-02-22T16:28:20]:INFO:FileSystem(live_data/stream.jsonl): 0 entries (4 minibatch(es)) have been sent to the engine
[2026-02-22T16:28:20]:INFO:FileSystem(logs/all_packets.csv): Done writing 0 entries, time 1771757900126. Current batch writes took: 0 ms. All writes so far took: 2 ms.
[2026-02-22T16:28:20]:INFO:subscribe-1: Done writing 0 entries, time 1771757900126. Current batch writes took: 0 ms. All writes so far took: 0 ms.
[2026-02-22T16:28:20]:INFO:subscribe-2: Done writing 0 entries, time 1771757900126. Current batch writes took: 0 ms. All writes so far took: 0 ms.
[2026-02-22T16:28:20]:INFO:FileSystem(logs/debug_graph_edges.csv): Done writing 0 entries, time 1771757900126. Current batch writes took: 0 ms. All writes so far took: 2 ms.
[2026-02-22T16:28:20]:INFO:subscribe-2: Done writing 0 entries, time 1771757900126. Current batch writes took: 0 ms. All writes so far took: 0 ms.
[2026-02-22T16:28:20]:INFO:FileSystem(docs/anomalies.csv): Done writing 0 entries, time 1771757900126. Current batch writes took: 0 ms. All writes so far took: 2 ms.
[2026-02-22T16:28:20]:INFO:FileSystem(docs/rag_context.csv): Done writing 0 entries, time 1771757900126. Current batch writes took: 0 ms. All writes so far took: 0 ms.
[2026-02-22T16:28:26]:INFO:FileSystem(live_data/stream.jsonl): 1360 entries (6 minibatch(es)) have been sent to the engine
[2026-02-22T16:28:26]:INFO:FileSystem(logs/all_packets.csv): Done writing 6 entries, time 1771757906126. Current batch writes took: 0 ms. All writes so far took: 2 ms.
[2026-02-22T16:28:26]:INFO:subscribe-1: Done writing 2 entries, time 1771757906126. Current batch writes took: 0 ms. All writes so far took: 0 ms.
[2026-02-22T16:28:26]:INFO:subscribe-2: Done writing 16 entries, time 1771757906126. Current batch writes took: 0 ms. All writes so far took: 0 ms.
[2026-02-22T16:28:26]:INFO:FileSystem(logs/debug_graph_edges.csv): Done writing 16 entries, time 1771757906126. Current batch writes took: 0 ms. All writes so far took: 2 ms.
[2026-02-22T16:28:26]:INFO:subscribe-2: Done writing 16 entries, time 1771757906126. Current batch writes took: 0 ms. All writes so far took: 0 ms.
[2026-02-22T16:28:26]:INFO:FileSystem(docs/anomalies.csv): Done writing 2 entries, time 1771757906126. Current batch writes took: 0 ms. All writes so far took: 2 ms.
[2026-02-22T16:28:26]:INFO:FileSystem(docs/rag_context.csv): Done writing 2 entries, time 1771757906126. Current batch writes took: 0 ms. All writes so far took: 0 ms.
[2026-02-22T16:28:32]:INFO:FileSystem(live_data/stream.jsonl): 1382 entries (6 minibatch(es)) have been sent to the engine
[2026-02-22T16:28:32]:INFO:FileSystem(logs/all_packets.csv): Done writing 4 entries, time 1771757912126. Current batch writes took: 0 ms. All writes so far took: 2 ms.
[2026-02-22T16:28:32]:INFO:subscribe-1: Done writing 6 entries, time 1771757912126. Current batch writes took: 0 ms. All writes so far took: 0 ms.
[2026-02-22T16:28:32]:INFO:subscribe-2: Done writing 22 entries, time 1771757912126. Current batch writes took: 0 ms. All writes so far took: 0 ms.
[2026-02-22T16:28:32]:INFO:subscribe-2: Done writing 24 entries, time 1771757912126. Current batch writes took: 0 ms. All writes so far took: 0 ms.
[2026-02-22T16:28:32]:INFO:FileSystem(logs/debug_graph_edges.csv): Done writing 22 entries, time 1771757912126. Current batch writes took: 0 ms. All writes so far took: 2 ms.
[2026-02-22T16:28:32]:INFO:FileSystem(docs/anomalies.csv): Done writing 6 entries, time 1771757912126. Current batch writes took: 0 ms. All writes so far took: 2 ms.
[2026-02-22T16:28:32]:INFO:FileSystem(docs/rag_context.csv): Done writing 6 entries, time 1771757912126. Current batch writes took: 0 ms. All writes so far took: 0 ms.
[2026-02-22T16:28:37]:INFO:FileSystem(live_data/stream.jsonl): 697 entries (4 minibatch(es)) have been sent to the engine
[2026-02-22T16:28:37]:INFO:FileSystem(logs/all_packets.csv): Done writing 1 entries, time 1771757917180. Current batch writes took: 0 ms. All writes so far took: 2 ms.
[2026-02-22T16:28:37]:INFO:subscribe-2: Done writing 5 entries, time 1771757917180. Current batch writes took: 0 ms. All writes so far took: 0 ms.
[2026-02-22T16:28:37]:INFO:subscribe-2: Done writing 5 entries, time 1771757917180. Current batch writes took: 0 ms. All writes so far took: 0 ms.
[2026-02-22T16:28:37]:INFO:FileSystem(logs/debug_graph_edges.csv): Done writing 5 entries, time 1771757917180. Current batch writes took: 0 ms. All writes so far took: 2 ms.
[2026-02-22T16:28:37]:INFO:subscribe-1: Done writing 1 entries, time 1771757917180. Current batch writes took: 0 ms. All writes so far took: 0 ms.
[2026-02-22T16:28:37]:INFO:FileSystem(docs/anomalies.csv): Done writing 1 entries, time 1771757917180. Current batch writes took: 0 ms. All writes so far took: 2 ms.
[2026-02-22T16:28:37]:INFO:FileSystem(docs/rag_context.csv): Done writing 1 entries, time 1771757917180. Current batch writes took: 0 ms. All writes so far took: 0 ms.
[2026-02-22T16:28:42]:INFO:FileSystem(live_data/stream.jsonl): 2107 entries (7 minibatch(es)) have been sent to the engine
[2026-02-22T16:28:42]:INFO:FileSystem(logs/all_packets.csv): Done writing 5 entries, time 1771757922626. Current batch writes took: 0 ms. All writes so far took: 2 ms.
[2026-02-22T16:28:42]:INFO:subscribe-1: Done writing 5 entries, time 1771757922626. Current batch writes took: 0 ms. All writes so far took: 0 ms.
[2026-02-22T16:28:42]:INFO:subscribe-2: Done writing 32 entries, time 1771757922626. Current batch writes took: 0 ms. All writes so far took: 0 ms.
[2026-02-22T16:28:42]:INFO:subscribe-2: Done writing 20 entries, time 1771757922626. Current batch writes took: 0 ms. All writes so far took: 0 ms.
[2026-02-22T16:28:42]:INFO:FileSystem(logs/debug_graph_edges.csv): Done writing 32 entries, time 1771757922626. Current batch writes took: 0 ms. All writes so far took: 2 ms.
[2026-02-22T16:28:42]:INFO:FileSystem(docs/anomalies.csv): Done writing 5 entries, time 1771757922626. Current batch writes took: 0 ms. All writes so far took: 2 ms.
[2026-02-22T16:28:42]:INFO:FileSystem(docs/rag_context.csv): Done writing 5 entries, time 1771757922626. Current batch writes took: 0 ms. All writes so far took: 0 ms.
[2026-02-22T16:28:47]:INFO:FileSystem(live_data/stream.jsonl): 709 entries (4 minibatch(es)) have been sent to the engine
[2026-02-22T16:28:47]:INFO:FileSystem(logs/all_packets.csv): Done writing 1 entries, time 1771757927712. Current batch writes took: 0 ms. All writes so far took: 2 ms.
[2026-02-22T16:28:47]:INFO:subscribe-2: Done writing 5 entries, time 1771757927712. Current batch writes took: 0 ms. All writes so far took: 0 ms.
[2026-02-22T16:28:47]:INFO:subscribe-2: Done writing 7 entries, time 1771757927712. Current batch writes took: 0 ms. All writes so far took: 0 ms.
[2026-02-22T16:28:47]:INFO:FileSystem(logs/debug_graph_edges.csv): Done writing 7 entries, time 1771757927712. Current batch writes took: 0 ms. All writes so far took: 2 ms.
[2026-02-22T16:28:47]:INFO:subscribe-1: Done writing 1 entries, time 1771757927712. Current batch writes took: 0 ms. All writes so far took: 0 ms.
[2026-02-22T16:28:47]:INFO:FileSystem(docs/anomalies.csv): Done writing 1 entries, time 1771757927712. Current batch writes took: 0 ms. All writes so far took: 2 ms.
[2026-02-22T16:28:47]:INFO:FileSystem(docs/rag_context.csv): Done writing 1 entries, time 1771757927712. Current batch writes took: 0 ms. All writes so far took: 0 ms.
[2026-02-22T16:28:52]:INFO:FileSystem(live_data/stream.jsonl): 1425 entries (5 minibatch(es)) have been sent to the engine
[2026-02-22T16:28:52]:INFO:FileSystem(logs/all_packets.csv): Done writing 3 entries, time 1771757932730. Current batch writes took: 0 ms. All writes so far took: 2 ms.
[2026-02-22T16:28:52]:INFO:subscribe-2: Done writing 25 entries, time 1771757932730. Current batch writes took: 0 ms. All writes so far took: 0 ms.
[2026-02-22T16:28:52]:INFO:subscribe-2: Done writing 23 entries, time 1771757932730. Current batch writes took: 0 ms. All writes so far took: 0 ms.
[2026-02-22T16:28:52]:INFO:FileSystem(logs/debug_graph_edges.csv): Done writing 23 entries, time 1771757932730. Current batch writes took: 0 ms. All writes so far took: 2 ms.
[2026-02-22T16:28:52]:INFO:subscribe-1: Done writing 4 entries, time 1771757932730. Current batch writes took: 0 ms. All writes so far took: 0 ms.
[2026-02-22T16:28:52]:INFO:FileSystem(docs/anomalies.csv): Done writing 4 entries, time 1771757932730. Current batch writes took: 0 ms. All writes so far took: 2 ms.
[2026-02-22T16:28:52]:INFO:FileSystem(docs/rag_context.csv): Done writing 4 entries, time 1771757932730. Current batch writes took: 0 ms. All writes so far took: 0 ms.
[2026-02-22T16:28:58]:INFO:FileSystem(live_data/stream.jsonl): 1440 entries (6 minibatch(es)) have been sent to the engine
[2026-02-22T16:28:58]:INFO:FileSystem(logs/all_packets.csv): Done writing 4 entries, time 1771757938748. Current batch writes took: 0 ms. All writes so far took: 2 ms.
[2026-02-22T16:28:58]:INFO:subscribe-2: Done writing 15 entries, time 1771757938748. Current batch writes took: 0 ms. All writes so far took: 0 ms.
[2026-02-22T16:28:58]:INFO:subscribe-2: Done writing 17 entries, time 1771757938748. Current batch writes took: 0 ms. All writes so far took: 0 ms.
[2026-02-22T16:28:58]:INFO:FileSystem(logs/debug_graph_edges.csv): Done writing 17 entries, time 1771757938748. Current batch writes took: 0 ms. All writes so far took: 3 ms.
[2026-02-22T16:28:58]:INFO:subscribe-1: Done writing 5 entries, time 1771757938748. Current batch writes took: 0 ms. All writes so far took: 0 ms.
[2026-02-22T16:28:58]:INFO:FileSystem(docs/anomalies.csv): Done writing 5 entries, time 1771757938748. Current batch writes took: 0 ms. All writes so far took: 2 ms.
[2026-02-22T16:28:58]:INFO:FileSystem(docs/rag_context.csv): Done writing 5 entries, time 1771757938748. Current batch writes took: 0 ms. All writes so far took: 0 ms.
[2026-02-22T16:29:05]:INFO:FileSystem(live_data/stream.jsonl): 0 entries (5 minibatch(es)) have been sent to the engine
[2026-02-22T16:29:05]:INFO:FileSystem(logs/all_packets.csv): Done writing 0 entries, time 1771757945126. Current batch writes took: 0 ms. All writes so far took: 2 ms.
[2026-02-22T16:29:05]:INFO:subscribe-1: Done writing 0 entries, time 1771757945126. Current batch writes took: 0 ms. All writes so far took: 0 ms.
[2026-02-22T16:29:05]:INFO:subscribe-2: Done writing 0 entries, time 1771757945126. Current batch writes took: 0 ms. All writes so far took: 0 ms.
[2026-02-22T16:29:05]:INFO:subscribe-2: Done writing 0 entries, time 1771757945126. Current batch writes took: 0 ms. All writes so far took: 0 ms.
[2026-02-22T16:29:05]:INFO:FileSystem(logs/debug_graph_edges.csv): Done writing 0 entries, time 1771757945126. Current batch writes took: 0 ms. All writes so far took: 3 ms.
[2026-02-22T16:29:05]:INFO:FileSystem(docs/rag_context.csv): Done writing 0 entries, time 1771757945126. Current batch writes took: 0 ms. All writes so far took: 0 ms.
[2026-02-22T16:29:05]:INFO:FileSystem(docs/anomalies.csv): Done writing 0 entries, time 1771757945126. Current batch writes took: 0 ms. All writes so far took: 2 ms.
[2026-02-22T16:29:10]:INFO:FileSystem(live_data/stream.jsonl): 2184 entries (6 minibatch(es)) have been sent to the engine
[2026-02-22T16:29:10]:INFO:FileSystem(logs/all_packets.csv): Done writing 6 entries, time 1771757950784. Current batch writes took: 0 ms. All writes so far took: 2 ms.
[2026-02-22T16:29:10]:INFO:subscribe-2: Done writing 25 entries, time 1771757950784. Current batch writes took: 0 ms. All writes so far took: 0 ms.
[2026-02-22T16:29:10]:INFO:subscribe-2: Done writing 26 entries, time 1771757950784. Current batch writes took: 0 ms. All writes so far took: 0 ms.
[2026-02-22T16:29:10]:INFO:FileSystem(logs/debug_graph_edges.csv): Done writing 26 entries, time 1771757950784. Current batch writes took: 0 ms. All writes so far took: 3 ms.
[2026-02-22T16:29:10]:INFO:subscribe-1: Done writing 4 entries, time 1771757950784. Current batch writes took: 0 ms. All writes so far took: 0 ms.
[2026-02-22T16:29:10]:INFO:FileSystem(docs/anomalies.csv): Done writing 4 entries, time 1771757950784. Current batch writes took: 0 ms. All writes so far took: 2 ms.
[2026-02-22T16:29:10]:INFO:FileSystem(docs/rag_context.csv): Done writing 4 entries, time 1771757950784. Current batch writes took: 0 ms. All writes so far took: 0 ms.
[2026-02-22T16:29:17]:INFO:FileSystem(live_data/stream.jsonl): 0 entries (5 minibatch(es)) have been sent to the engine
[2026-02-22T16:29:17]:INFO:FileSystem(logs/all_packets.csv): Done writing 0 entries, time 1771757957126. Current batch writes took: 0 ms. All writes so far took: 2 ms.
[2026-02-22T16:29:17]:INFO:subscribe-1: Done writing 0 entries, time 1771757957126. Current batch writes took: 0 ms. All writes so far took: 0 ms.
[2026-02-22T16:29:17]:INFO:subscribe-2: Done writing 0 entries, time 1771757957126. Current batch writes took: 0 ms. All writes so far took: 0 ms.
[2026-02-22T16:29:17]:INFO:subscribe-2: Done writing 0 entries, time 1771757957126. Current batch writes took: 0 ms. All writes so far took: 0 ms.
[2026-02-22T16:29:17]:INFO:FileSystem(logs/debug_graph_edges.csv): Done writing 0 entries, time 1771757957126. Current batch writes took: 0 ms. All writes so far took: 3 ms.
[2026-02-22T16:29:17]:INFO:FileSystem(docs/anomalies.csv): Done writing 0 entries, time 1771757957126. Current batch writes took: 0 ms. All writes so far took: 2 ms.
[2026-02-22T16:29:17]:INFO:FileSystem(docs/rag_context.csv): Done writing 0 entries, time 1771757957126. Current batch writes took: 0 ms. All writes so far took: 0 ms.
[2026-02-22T16:29:22]:INFO:FileSystem(live_data/stream.jsonl): 1482 entries (5 minibatch(es)) have been sent to the engine
[2026-02-22T16:29:22]:INFO:FileSystem(logs/all_packets.csv): Done writing 6 entries, time 1771757962806. Current batch writes took: 0 ms. All writes so far took: 2 ms.
[2026-02-22T16:29:22]:INFO:subscribe-2: Done writing 19 entries, time 1771757962806. Current batch writes took: 0 ms. All writes so far took: 0 ms.
[2026-02-22T16:29:22]:INFO:subscribe-2: Done writing 18 entries, time 1771757962806. Current batch writes took: 0 ms. All writes so far took: 0 ms.
[2026-02-22T16:29:22]:INFO:FileSystem(logs/debug_graph_edges.csv): Done writing 18 entries, time 1771757962806. Current batch writes took: 0 ms. All writes so far took: 3 ms.
[2026-02-22T16:29:22]:INFO:subscribe-1: Done writing 3 entries, time 1771757962806. Current batch writes took: 0 ms. All writes so far took: 0 ms.
[2026-02-22T16:29:22]:INFO:FileSystem(docs/anomalies.csv): Done writing 3 entries, time 1771757962806. Current batch writes took: 0 ms. All writes so far took: 2 ms.
[2026-02-22T16:29:22]:INFO:FileSystem(docs/rag_context.csv): Done writing 3 entries, time 1771757962806. Current batch writes took: 0 ms. All writes so far took: 0 ms.
[2026-02-22T16:29:29]:INFO:FileSystem(live_data/stream.jsonl): 0 entries (5 minibatch(es)) have been sent to the engine
[2026-02-22T16:29:29]:INFO:FileSystem(logs/all_packets.csv): Done writing 0 entries, time 1771757969126. Current batch writes took: 0 ms. All writes so far took: 2 ms.
[2026-02-22T16:29:29]:INFO:subscribe-1: Done writing 0 entries, time 1771757969126. Current batch writes took: 0 ms. All writes so far took: 0 ms.
[2026-02-22T16:29:29]:INFO:subscribe-2: Done writing 0 entries, time 1771757969126. Current batch writes took: 0 ms. All writes so far took: 0 ms.
[2026-02-22T16:29:29]:INFO:subscribe-2: Done writing 0 entries, time 1771757969126. Current batch writes took: 0 ms. All writes so far took: 0 ms.
[2026-02-22T16:29:29]:INFO:FileSystem(logs/debug_graph_edges.csv): Done writing 0 entries, time 1771757969126. Current batch writes took: 0 ms. All writes so far took: 3 ms.
[2026-02-22T16:29:29]:INFO:FileSystem(docs/rag_context.csv): Done writing 0 entries, time 1771757969126. Current batch writes took: 0 ms. All writes so far took: 0 ms.
[2026-02-22T16:29:29]:INFO:FileSystem(docs/anomalies.csv): Done writing 0 entries, time 1771757969126. Current batch writes took: 0 ms. All writes so far took: 2 ms.
[2026-02-22T16:29:35]:INFO:FileSystem(live_data/stream.jsonl): 1500 entries (6 minibatch(es)) have been sent to the engine
[2026-02-22T16:29:35]:INFO:FileSystem(logs/all_packets.csv): Done writing 2 entries, time 1771757975126. Current batch writes took: 0 ms. All writes so far took: 2 ms.
[2026-02-22T16:29:35]:INFO:subscribe-1: Done writing 3 entries, time 1771757975126. Current batch writes took: 0 ms. All writes so far took: 0 ms.
[2026-02-22T16:29:35]:INFO:subscribe-2: Done writing 17 entries, time 1771757975126. Current batch writes took: 0 ms. All writes so far took: 0 ms.
[2026-02-22T16:29:35]:INFO:subscribe-2: Done writing 15 entries, time 1771757975126. Current batch writes took: 0 ms. All writes so far took: 0 ms.
[2026-02-22T16:29:35]:INFO:FileSystem(logs/debug_graph_edges.csv): Done writing 17 entries, time 1771757975126. Current batch writes took: 0 ms. All writes so far took: 3 ms.
[2026-02-22T16:29:35]:INFO:FileSystem(docs/anomalies.csv): Done writing 3 entries, time 1771757975126. Current batch writes took: 0 ms. All writes so far took: 2 ms.
[2026-02-22T16:29:35]:INFO:FileSystem(docs/rag_context.csv): Done writing 3 entries, time 1771757975126. Current batch writes took: 0 ms. All writes so far took: 0 ms.
[2026-02-22T16:29:40]:INFO:FileSystem(live_data/stream.jsonl): 2266 entries (6 minibatch(es)) have been sent to the engine
[2026-02-22T16:29:40]:INFO:FileSystem(logs/all_packets.csv): Done writing 4 entries, time 1771757980848. Current batch writes took: 0 ms. All writes so far took: 2 ms.
[2026-02-22T16:29:40]:INFO:subscribe-2: Done writing 26 entries, time 1771757980848. Current batch writes took: 0 ms. All writes so far took: 0 ms.
[2026-02-22T16:29:40]:INFO:subscribe-2: Done writing 26 entries, time 1771757980848. Current batch writes took: 0 ms. All writes so far took: 0 ms.
[2026-02-22T16:29:40]:INFO:FileSystem(logs/debug_graph_edges.csv): Done writing 26 entries, time 1771757980848. Current batch writes took: 0 ms. All writes so far took: 3 ms.
[2026-02-22T16:29:40]:INFO:subscribe-1: Done writing 4 entries, time 1771757980848. Current batch writes took: 0 ms. All writes so far took: 0 ms.
[2026-02-22T16:29:40]:INFO:FileSystem(docs/anomalies.csv): Done writing 4 entries, time 1771757980848. Current batch writes took: 0 ms. All writes so far took: 2 ms.
[2026-02-22T16:29:40]:INFO:FileSystem(docs/rag_context.csv): Done writing 4 entries, time 1771757980848. Current batch writes took: 0 ms. All writes so far took: 0 ms.
[2026-02-22T16:29:47]:INFO:FileSystem(live_data/stream.jsonl): 0 entries (5 minibatch(es)) have been sent to the engine
[2026-02-22T16:29:47]:INFO:FileSystem(logs/all_packets.csv): Done writing 0 entries, time 1771757987126. Current batch writes took: 0 ms. All writes so far took: 2 ms.
[2026-02-22T16:29:47]:INFO:subscribe-1: Done writing 0 entries, time 1771757987126. Current batch writes took: 0 ms. All writes so far took: 0 ms.
[2026-02-22T16:29:47]:INFO:subscribe-2: Done writing 0 entries, time 1771757987126. Current batch writes took: 0 ms. All writes so far took: 0 ms.
[2026-02-22T16:29:47]:INFO:subscribe-2: Done writing 0 entries, time 1771757987126. Current batch writes took: 0 ms. All writes so far took: 0 ms.
[2026-02-22T16:29:47]:INFO:FileSystem(logs/debug_graph_edges.csv): Done writing 0 entries, time 1771757987126. Current batch writes took: 0 ms. All writes so far took: 3 ms.
[2026-02-22T16:29:47]:INFO:FileSystem(docs/anomalies.csv): Done writing 0 entries, time 1771757987126. Current batch writes took: 0 ms. All writes so far took: 2 ms.
[2026-02-22T16:29:47]:INFO:FileSystem(docs/rag_context.csv): Done writing 0 entries, time 1771757987126. Current batch writes took: 0 ms. All writes so far took: 0 ms.
